#
# There is insufficient memory for the Java Runtime Environment to continue.
# Native memory allocation (mmap) failed to map 100663296 bytes for Failed to commit area from 0x00000000a1400000 to 0x00000000a7400000 of length 100663296.
# Possible reasons:
#   The system is out of physical RAM or swap space
#   The process is running with CompressedOops enabled, and the Java Heap may be blocking the growth of the native heap
# Possible solutions:
#   Reduce memory load on the system
#   Increase physical memory or swap space
#   Check if swap backing store is full
#   Decrease Java heap size (-Xmx/-Xms)
#   Decrease number of Java threads
#   Decrease Java thread stack sizes (-Xss)
#   Set larger code cache with -XX:ReservedCodeCacheSize=
# This output file may be truncated or incomplete.
#
#  Out of Memory Error (./src/hotspot/os/windows/os_windows.cpp:3301), pid=29400, tid=3724
#
# JRE version:  (11.0.11+9) (build )
# Java VM: OpenJDK 64-Bit Server VM (11.0.11+9-b60-7590822, mixed mode, sharing, tiered, compressed oops, g1 gc, windows-amd64)
# No core dump will be written. Minidumps are not enabled by default on client versions of Windows
#

---------------  S U M M A R Y ------------

Command Line: org.jetbrains.kotlin.cli.jvm.K2JVMCompiler @E:\my programming\android projects\FavoritePlaces\app\build\20220316_1832806388310358656.compiler.options

Host: AMD Ryzen 5 3500U with Radeon Vega Mobile Gfx  , 8 cores, 5G,  Windows 10 , 64 bit Build 19041 (10.0.19041.1503)
Time: Wed Mar 16 00:45:38 2022 India Standard Time elapsed time: 0.029977 seconds (0d 0h 0m 0s)

---------------  T H R E A D  ---------------

Current thread (0x00000270e9e2f800):  JavaThread "Unknown thread" [_thread_in_vm, id=3724, stack(0x000000af1bd00000,0x000000af1be00000)]

Stack: [0x000000af1bd00000,0x000000af1be00000]
Native frames: (J=compiled Java code, j=interpreted, Vv=VM code, C=native code)
V  [jvm.dll+0x5f214a]
V  [jvm.dll+0x726fb5]
V  [jvm.dll+0x7285cd]
V  [jvm.dll+0x728c83]
V  [jvm.dll+0x243278]
V  [jvm.dll+0x5ef544]
V  [jvm.dll+0x5e4495]
V  [jvm.dll+0x2fec5b]
V  [jvm.dll+0x2febca]
V  [jvm.dll+0x2feaa2]
V  [jvm.dll+0x303986]
V  [jvm.dll+0x34c3a3]
V  [jvm.dll+0x34caa6]
V  [jvm.dll+0x34c4a3]
V  [jvm.dll+0x2d9688]
V  [jvm.dll+0x2da837]
V  [jvm.dll+0x705ba7]
V  [jvm.dll+0x70739c]
V  [jvm.dll+0x3598f9]
V  [jvm.dll+0x6e931e]
V  [jvm.dll+0x3c1c43]
V  [jvm.dll+0x3c3e81]
C  [jli.dll+0x5373]
C  [ucrtbase.dll+0x21bb2]
C  [KERNEL32.DLL+0x17034]
C  [ntdll.dll+0x52651]


---------------  P R O C E S S  ---------------

Threads class SMR info:
_java_thread_list=0x00000270e7b72a40, length=0, elements={
}

Java Threads: ( => current thread )

Other Threads:
  0x00000270e9e42800 GCTaskThread "GC Thread#0" [stack: 0x000000af1be00000,0x000000af1bf00000] [id=1732]
  0x00000270e9e67800 ConcurrentGCThread "G1 Main Marker" [stack: 0x000000af1bf00000,0x000000af1c000000] [id=9944]
  0x00000270e9e6a000 ConcurrentGCThread "G1 Conc#0" [stack: 0x000000af1c000000,0x000000af1c100000] [id=27184]

[error occurred during error reporting (printing all threads), id 0xc0000005, EXCEPTION_ACCESS_VIOLATION (0xc0000005) at pc=0x00007ff8f8c29c47]

VM state:not at safepoint (not fully initialized)

VM Mutex/Monitor currently owned by a thread:  ([mutex/lock_event])
[0x00000270e9e2c680] Heap_lock - owner thread: 0x00000270e9e2f800

Heap address: 0x00000000a1400000, size: 1516 MB, Compressed Oops mode: Non-zero based: 0x00000000a1400000
Narrow klass base: 0x0000000000000000, Narrow klass shift: 0

GC Heap History (0 events):
No events

Deoptimization events (0 events):
No events

Classes redefined (0 events):
No events

Internal exceptions (0 events):
No events

Events (1 events):
Event: 0.019 Loaded shared library C:\Program Files\Android\Android Studio\jre\bin\zip.dll


Dynamic libraries:
0x00007ff74f860000 - 0x00007ff74f86a000 	C:\Program Files\Android\Android Studio\jre\bin\java.exe
0x00007ff935d10000 - 0x00007ff935f05000 	C:\WINDOWS\SYSTEM32\ntdll.dll
0x00007ff935340000 - 0x00007ff9353fe000 	C:\WINDOWS\System32\KERNEL32.DLL
0x00007ff9336d0000 - 0x00007ff933998000 	C:\WINDOWS\System32\KERNELBASE.dll
0x00007ff933420000 - 0x00007ff933520000 	C:\WINDOWS\System32\ucrtbase.dll
0x00007ff930a80000 - 0x00007ff930a99000 	C:\Program Files\Android\Android Studio\jre\bin\jli.dll
0x00007ff9188f0000 - 0x00007ff918907000 	C:\Program Files\Android\Android Studio\jre\bin\VCRUNTIME140.dll
0x00007ff934300000 - 0x00007ff9344a0000 	C:\WINDOWS\System32\USER32.dll
0x00007ff919790000 - 0x00007ff919a2a000 	C:\WINDOWS\WinSxS\amd64_microsoft.windows.common-controls_6595b64144ccf1df_6.0.19041.1110_none_60b5254171f9507e\COMCTL32.dll
0x00007ff933c40000 - 0x00007ff933c62000 	C:\WINDOWS\System32\win32u.dll
0x00007ff933d70000 - 0x00007ff933e0e000 	C:\WINDOWS\System32\msvcrt.dll
0x00007ff934cd0000 - 0x00007ff934cfb000 	C:\WINDOWS\System32\GDI32.dll
0x00007ff933b30000 - 0x00007ff933c3d000 	C:\WINDOWS\System32\gdi32full.dll
0x00007ff933cc0000 - 0x00007ff933d5d000 	C:\WINDOWS\System32\msvcp_win.dll
0x00007ff9344a0000 - 0x00007ff9344d0000 	C:\WINDOWS\System32\IMM32.DLL
0x00007ff909150000 - 0x00007ff9091ed000 	C:\Program Files\Android\Android Studio\jre\bin\msvcp140.dll
0x00007ff8f8940000 - 0x00007ff8f9415000 	C:\Program Files\Android\Android Studio\jre\bin\server\jvm.dll
0x00007ff935b50000 - 0x00007ff935bfe000 	C:\WINDOWS\System32\ADVAPI32.dll
0x00007ff934250000 - 0x00007ff9342ec000 	C:\WINDOWS\System32\sechost.dll
0x00007ff934d00000 - 0x00007ff934e25000 	C:\WINDOWS\System32\RPCRT4.dll
0x00007ff9342f0000 - 0x00007ff9342f8000 	C:\WINDOWS\System32\PSAPI.DLL
0x00007ff92abf0000 - 0x00007ff92ac17000 	C:\WINDOWS\SYSTEM32\WINMM.dll
0x00007ff930a50000 - 0x00007ff930a59000 	C:\WINDOWS\SYSTEM32\WSOCK32.dll
0x00007ff92d360000 - 0x00007ff92d36a000 	C:\WINDOWS\SYSTEM32\VERSION.dll
0x00007ff935660000 - 0x00007ff9356cb000 	C:\WINDOWS\System32\WS2_32.dll
0x00007ff9312d0000 - 0x00007ff9312e2000 	C:\WINDOWS\SYSTEM32\kernel.appcore.dll
0x00007ff92cb40000 - 0x00007ff92cb51000 	C:\Program Files\Android\Android Studio\jre\bin\verify.dll
0x00007ff920fc0000 - 0x00007ff9211a4000 	C:\WINDOWS\SYSTEM32\DBGHELP.DLL
0x00007ff920c90000 - 0x00007ff920cbc000 	C:\WINDOWS\SYSTEM32\dbgcore.DLL
0x00007ff933590000 - 0x00007ff933612000 	C:\WINDOWS\System32\bcryptPrimitives.dll
0x00007ff92a080000 - 0x00007ff92a0a9000 	C:\Program Files\Android\Android Studio\jre\bin\java.dll
0x00007ff930870000 - 0x00007ff93087b000 	C:\Program Files\Android\Android Studio\jre\bin\jimage.dll
0x00007ff929fa0000 - 0x00007ff929fb8000 	C:\Program Files\Android\Android Studio\jre\bin\zip.dll

dbghelp: loaded successfully - version: 4.0.5 - missing functions: none
symbol engine: initialized successfully - sym options: 0x614 - pdb path: .;C:\Program Files\Android\Android Studio\jre\bin;C:\WINDOWS\SYSTEM32;C:\WINDOWS\WinSxS\amd64_microsoft.windows.common-controls_6595b64144ccf1df_6.0.19041.1110_none_60b5254171f9507e;C:\Program Files\Android\Android Studio\jre\bin\server

VM Arguments:
java_command: org.jetbrains.kotlin.cli.jvm.K2JVMCompiler @E:\my programming\android projects\FavoritePlaces\app\build\20220316_1832806388310358656.compiler.options
java_class_path (initial): C:\Users\souvik dey\.gradle\caches\modules-2\files-2.1\org.jetbrains.kotlin\kotlin-compiler-embeddable\1.6.10\88f2073f4020cdb83132cfe940ceb9a60aba54ea\kotlin-compiler-embeddable-1.6.10.jar;C:\Users\souvik dey\.gradle\caches\modules-2\files-2.1\org.jetbrains.kotlin\kotlin-reflect\1.6.10\1cbe9c92c12a94eea200d23c2bbaedaf3daf5132\kotlin-reflect-1.6.10.jar;C:\Users\souvik dey\.gradle\caches\modules-2\files-2.1\org.jetbrains.kotlin\kotlin-stdlib\1.6.10\b8af3fe6f1ca88526914929add63cf5e7c5049af\kotlin-stdlib-1.6.10.jar;C:\Users\souvik dey\.gradle\caches\modules-2\files-2.1\org.jetbrains.kotlin\kotlin-script-runtime\1.6.10\d0a7ff2e2500ef497ed0214ae40ad3c8387a6164\kotlin-script-runtime-1.6.10.jar;C:\Users\souvik dey\.gradle\caches\modules-2\files-2.1\org.jetbrains.kotlin\kotlin-daemon-embeddable\1.6.10\a56d79bcbea411fa6058e4ecffc2de73e742bd2a\kotlin-daemon-embeddable-1.6.10.jar;C:\Users\souvik dey\.gradle\caches\modules-2\files-2.1\org.jetbrains.intellij.deps\trove4j\1.0.20181211\216c2e14b070f334479d800987affe4054cd563f\trove4j-1.0.20181211.jar;C:\Users\souvik dey\.gradle\caches\modules-2\files-2.1\net.java.dev.jna\jna\5.6.0\330f2244e9030119ab3030fc3fededc86713d9cc\jna-5.6.0.jar;C:\Users\souvik dey\.gradle\caches\modules-2\files-2.1\org.jetbrains\annotations\13.0\919f0dfe192fb4e063e7dacadee7f8bb9a2672a9\annotations-13.0.jar;C:\Users\souvik dey\.gradle\caches\modules-2\files-2.1\org.jetbrains.kotlin\kotlin-stdlib-common\1.6.10\c118700e3a33c8a0d9adc920e9dec0831171925\kotlin-stdlib-common-1.6.10.jar
Launcher Type: SUN_STANDARD

[Global flags]
     intx CICompilerCount                          = 4                                         {product} {ergonomic}
     uint ConcGCThreads                            = 2                                         {product} {ergonomic}
     uint G1ConcRefinementThreads                  = 8                                         {product} {ergonomic}
   size_t G1HeapRegionSize                         = 1048576                                   {product} {ergonomic}
    uintx GCDrainStackTargetSize                   = 64                                        {product} {ergonomic}
   size_t InitialHeapSize                          = 100663296                                 {product} {ergonomic}
   size_t MarkStackSize                            = 4194304                                   {product} {ergonomic}
   size_t MaxHeapSize                              = 1589641216                                {product} {ergonomic}
   size_t MinHeapDeltaBytes                        = 1048576                                   {product} {ergonomic}
    uintx NonNMethodCodeHeapSize                   = 5836300                                {pd product} {ergonomic}
    uintx NonProfiledCodeHeapSize                  = 122910970                              {pd product} {ergonomic}
    uintx ProfiledCodeHeapSize                     = 122910970                              {pd product} {ergonomic}
    uintx ReservedCodeCacheSize                    = 251658240                              {pd product} {ergonomic}
     bool SegmentedCodeCache                       = true                                      {product} {ergonomic}
     bool UseCompressedClassPointers               = true                                 {lp64_product} {ergonomic}
     bool UseCompressedOops                        = true                                 {lp64_product} {ergonomic}
     bool UseG1GC                                  = true                                      {product} {ergonomic}
     bool UseLargePagesIndividualAllocation        = false                                  {pd product} {ergonomic}

Logging:
Log output configuration:
 #0: stdout all=warning uptime,level,tags
 #1: stderr all=off uptime,level,tags

Environment Variables:
PATH=C:\python 3.9.1\Scripts\;C:\python 3.9.1\;C:\WINDOWS\system32;C:\WINDOWS;C:\WINDOWS\System32\Wbem;C:\WINDOWS\System32\WindowsPowerShell\v1.0\;C:\WINDOWS\System32\OpenSSH\;C:\MinGW\bin;C:\Program Files\Git\cmd;C:\Users\souvik dey\AppData\Local\Microsoft\WindowsApps;C:\Users\souvik dey\AppData\Local\atom\bin
USERNAME=souvik dey
OS=Windows_NT
PROCESSOR_IDENTIFIER=AMD64 Family 23 Model 24 Stepping 1, AuthenticAMD



---------------  S Y S T E M  ---------------

OS: Windows 10 , 64 bit Build 19041 (10.0.19041.1503)
OS uptime: 21 days 9:59 hours
Hyper-V role detected

CPU:total 8 (initial active 8) (8 cores per cpu, 2 threads per core) family 23 model 24 stepping 1 microcode 0x0, cmov, cx8, fxsr, mmx, sse, sse2, sse3, ssse3, sse4.1, sse4.2, popcnt, avx, avx2, aes, clmul, mmxext, 3dnowpref, lzcnt, sse4a, ht, tsc, tscinvbit, tscinv, bmi1, bmi2, adx, s

Memory: 4k page, system-wide physical 6058M (238M free)
TotalPageFile size 24490M (AvailPageFile size 82M)
current process WorkingSet (physical memory assigned to process): 9M, peak: 9M
current process commit charge ("private bytes"): 59M, peak: 155M

vm_info: OpenJDK 64-Bit Server VM (11.0.11+9-b60-7590822) for windows-amd64 JRE (11.0.11+9-b60-7590822), built on Jul 29 2021 21:43:44 by "builder" with MS VC++ 14.0 (VS2015)

END.
