#
# There is insufficient memory for the Java Runtime Environment to continue.
# Native memory allocation (malloc) failed to allocate 542256 bytes for Chunk::new
# Possible reasons:
#   The system is out of physical RAM or swap space
#   The process is running with CompressedOops enabled, and the Java Heap may be blocking the growth of the native heap
# Possible solutions:
#   Reduce memory load on the system
#   Increase physical memory or swap space
#   Check if swap backing store is full
#   Decrease Java heap size (-Xmx/-Xms)
#   Decrease number of Java threads
#   Decrease Java thread stack sizes (-Xss)
#   Set larger code cache with -XX:ReservedCodeCacheSize=
#   JVM is running with Unscaled Compressed Oops mode in which the Java heap is
#     placed in the first 4GB address space. The Java Heap base address is the
#     maximum limit for the native heap growth. Please use -XX:HeapBaseMinAddress
#     to set the Java Heap base and to place the Java Heap above 4GB virtual address.
# This output file may be truncated or incomplete.
#
#  Out of Memory Error (./src/hotspot/share/memory/arena.cpp:197), pid=12432, tid=17752
#
# JRE version: OpenJDK Runtime Environment (11.0.11+9) (build 11.0.11+9-b60-7590822)
# Java VM: OpenJDK 64-Bit Server VM (11.0.11+9-b60-7590822, mixed mode, tiered, compressed oops, g1 gc, windows-amd64)
# No core dump will be written. Minidumps are not enabled by default on client versions of Windows
#

---------------  S U M M A R Y ------------

Command Line: --add-opens=java.base/java.util=ALL-UNNAMED --add-opens=java.base/java.lang=ALL-UNNAMED --add-opens=java.base/java.lang.invoke=ALL-UNNAMED --add-opens=java.base/java.util=ALL-UNNAMED --add-opens=java.prefs/java.util.prefs=ALL-UNNAMED --add-opens=java.prefs/java.util.prefs=ALL-UNNAMED --add-opens=java.base/java.nio.charset=ALL-UNNAMED --add-opens=java.base/java.net=ALL-UNNAMED --add-opens=java.base/java.util.concurrent.atomic=ALL-UNNAMED -Xmx2048m -Dfile.encoding=UTF-8 -Duser.country=IN -Duser.language=en -Duser.variant org.gradle.launcher.daemon.bootstrap.GradleDaemon 7.2

Host: AMD Ryzen 5 3500U with Radeon Vega Mobile Gfx  , 8 cores, 5G,  Windows 10 , 64 bit Build 19041 (10.0.19041.1503)
Time: Tue Mar 15 11:11:09 2022 India Standard Time elapsed time: 91.775272 seconds (0d 0h 1m 31s)

---------------  T H R E A D  ---------------

Current thread (0x0000026e394c6000):  JavaThread "C2 CompilerThread0" daemon [_thread_in_native, id=17752, stack(0x000000e2eb300000,0x000000e2eb400000)]


Current CompileTask:
C2:  91775 14682       4       org.gradle.internal.instantiation.generator.AbstractClassGenerator$InjectionAnnotationValidator::validateMethod (502 bytes)

Stack: [0x000000e2eb300000,0x000000e2eb400000]
Native frames: (J=compiled Java code, j=interpreted, Vv=VM code, C=native code)
V  [jvm.dll+0x5f214a]
V  [jvm.dll+0x726fb5]
V  [jvm.dll+0x7285cd]
V  [jvm.dll+0x728c83]
V  [jvm.dll+0x243278]
V  [jvm.dll+0xbc53c]
V  [jvm.dll+0xbca3c]
V  [jvm.dll+0x353e3b]
V  [jvm.dll+0x19875c]
V  [jvm.dll+0x1fc2ee]
V  [jvm.dll+0x1fb3d4]
V  [jvm.dll+0x183d6c]
V  [jvm.dll+0x209a57]
V  [jvm.dll+0x2082a1]
V  [jvm.dll+0x6ef58f]
V  [jvm.dll+0x6e80b5]
V  [jvm.dll+0x5f1036]
C  [ucrtbase.dll+0x21bb2]
C  [KERNEL32.DLL+0x17034]
C  [ntdll.dll+0x52651]


---------------  P R O C E S S  ---------------

Threads class SMR info:
_java_thread_list=0x0000026e3fcba490, length=159, elements={
0x0000026e1e81c800, 0x0000026e394a2800, 0x0000026e394ae800, 0x0000026e394bf800,
0x0000026e394c0800, 0x0000026e394c5000, 0x0000026e394c6000, 0x0000026e394cb000,
0x0000026e394d2000, 0x0000026e394d3000, 0x0000026e394d3800, 0x0000026e394d4800,
0x0000026e394cf000, 0x0000026e394cf800, 0x0000026e394d5800, 0x0000026e394d0800,
0x0000026e394d1800, 0x0000026e3beed800, 0x0000026e3beed000, 0x0000026e3beee800,
0x0000026e3beef800, 0x0000026e3bef0000, 0x0000026e3beeb800, 0x0000026e3bef2000,
0x0000026e3beec000, 0x0000026e3bef8800, 0x0000026e3bef2800, 0x0000026e3bef6800,
0x0000026e3bef3800, 0x0000026e3bef7800, 0x0000026e3bef9000, 0x0000026e3befa000,
0x0000026e3deeb800, 0x0000026e3deed800, 0x0000026e3deea000, 0x0000026e3deee000,
0x0000026e3deeb000, 0x0000026e3deec800, 0x0000026e3deef000, 0x0000026e3dee9000,
0x0000026e3def0800, 0x0000026e3def1800, 0x0000026e3def4800, 0x0000026e3def2000,
0x0000026e3def5800, 0x0000026e3deef800, 0x0000026e3def4000, 0x0000026e3def6000,
0x0000026e3def7000, 0x0000026e3def8000, 0x0000026e3def3000, 0x0000026e3e649000,
0x0000026e3e64b800, 0x0000026e3e64c800, 0x0000026e3e64d000, 0x0000026e3e64a000,
0x0000026e3e64e000, 0x0000026e3e650800, 0x0000026e3e64f000, 0x0000026e3e64f800,
0x0000026e3e64b000, 0x0000026e3e653800, 0x0000026e3e653000, 0x0000026e3e654800,
0x0000026e3e655800, 0x0000026e3e656000, 0x0000026e3e657000, 0x0000026e3e651800,
0x0000026e3e658000, 0x0000026e3e652000, 0x0000026e3ea70000, 0x0000026e3ea72800,
0x0000026e3ea71000, 0x0000026e3ea75000, 0x0000026e3ea6f800, 0x0000026e3ea74000,
0x0000026e3ea76000, 0x0000026e3ea71800, 0x0000026e3ea76800, 0x0000026e3ea78800,
0x0000026e3ea73800, 0x0000026e3ea7d000, 0x0000026e3ea7a800, 0x0000026e3ea7b800,
0x0000026e3ea79000, 0x0000026e3ea7c800, 0x0000026e3ea7a000, 0x0000026e3ea77800,
0x0000026e3ea7e000, 0x0000026e3eaf5800, 0x0000026e3eaf5000, 0x0000026e3eaf4000,
0x0000026e3eaf6800, 0x0000026e3eaf3000, 0x0000026e3eafc000, 0x0000026e3eaf7800,
0x0000026e3eafd000, 0x0000026e3eafa000, 0x0000026e3eaf8000, 0x0000026e3eafe000,
0x0000026e3eafe800, 0x0000026e3eaf9000, 0x0000026e3eaff800, 0x0000026e3eb00800,
0x0000026e3eafa800, 0x0000026e3eb01000, 0x0000026e3eafb800, 0x0000026e3eb02000,
0x0000026e3eb2c000, 0x0000026e3eb2d000, 0x0000026e3eb29000, 0x0000026e3eb29800,
0x0000026e3eb27800, 0x0000026e3eb2a800, 0x0000026e3eb2b800, 0x0000026e3eb2e000,
0x0000026e3eb28000, 0x0000026e3eb30800, 0x0000026e3eb32000, 0x0000026e3eb2e800,
0x0000026e3eb32800, 0x0000026e3eb35000, 0x0000026e3eb33800, 0x0000026e3eb31000,
0x0000026e3eb34800, 0x0000026e3eb2f800, 0x0000026e3eb36000, 0x0000026e3ac86800,
0x0000026e3ac84000, 0x0000026e3ac87800, 0x0000026e3ac88800, 0x0000026e3ac89000,
0x0000026e3ac85000, 0x0000026e3ac83800, 0x0000026e3ac86000, 0x0000026e3ac8a800,
0x0000026e3ac8a000, 0x0000026e3ac8c800, 0x0000026e3ac8d000, 0x0000026e3ac8e000,
0x0000026e3ac8f000, 0x0000026e3ac92000, 0x0000026e3ac8f800, 0x0000026e3ac90800,
0x0000026e3ac91800, 0x0000026e3bef1000, 0x0000026e422f3800, 0x0000026e422f2000,
0x0000026e422f6000, 0x0000026e422f2800, 0x0000026e422f1000, 0x0000026e422f4800,
0x0000026e422f6800, 0x0000026e422f7800, 0x0000026e422fa000, 0x0000026e422f8800,
0x0000026e422f9000, 0x0000026e422fb000, 0x0000026e422f5000
}

Java Threads: ( => current thread )
  0x0000026e1e81c800 JavaThread "main" [_thread_blocked, id=26580, stack(0x000000e2ea700000,0x000000e2ea800000)]
  0x0000026e394a2800 JavaThread "Reference Handler" daemon [_thread_blocked, id=27040, stack(0x000000e2eae00000,0x000000e2eaf00000)]
  0x0000026e394ae800 JavaThread "Finalizer" daemon [_thread_blocked, id=18852, stack(0x000000e2eaf00000,0x000000e2eb000000)]
  0x0000026e394bf800 JavaThread "Signal Dispatcher" daemon [_thread_blocked, id=12576, stack(0x000000e2eb000000,0x000000e2eb100000)]
  0x0000026e394c0800 JavaThread "Attach Listener" daemon [_thread_blocked, id=26468, stack(0x000000e2eb100000,0x000000e2eb200000)]
  0x0000026e394c5000 JavaThread "Service Thread" daemon [_thread_blocked, id=14620, stack(0x000000e2eb200000,0x000000e2eb300000)]
=>0x0000026e394c6000 JavaThread "C2 CompilerThread0" daemon [_thread_in_native, id=17752, stack(0x000000e2eb300000,0x000000e2eb400000)]
  0x0000026e394cb000 JavaThread "C1 CompilerThread0" daemon [_thread_blocked, id=6644, stack(0x000000e2eb400000,0x000000e2eb500000)]
  0x0000026e394d2000 JavaThread "Sweeper thread" daemon [_thread_blocked, id=7856, stack(0x000000e2eb500000,0x000000e2eb600000)]
  0x0000026e394d3000 JavaThread "Common-Cleaner" daemon [_thread_blocked, id=18624, stack(0x000000e2eb600000,0x000000e2eb700000)]
  0x0000026e394d3800 JavaThread "Daemon health stats" [_thread_blocked, id=5836, stack(0x000000e2eb900000,0x000000e2eba00000)]
  0x0000026e394d4800 JavaThread "Incoming local TCP Connector on port 64882" [_thread_in_native, id=26684, stack(0x000000e2ebd00000,0x000000e2ebe00000)]
  0x0000026e394cf000 JavaThread "Daemon periodic checks" [_thread_blocked, id=26960, stack(0x000000e2ebe00000,0x000000e2ebf00000)]
  0x0000026e394cf800 JavaThread "Daemon" [_thread_blocked, id=3892, stack(0x000000e2ebf00000,0x000000e2ec000000)]
  0x0000026e394d5800 JavaThread "Handler for socket connection from /127.0.0.1:64882 to /127.0.0.1:64883" [_thread_in_native, id=5196, stack(0x000000e2ec000000,0x000000e2ec100000)]
  0x0000026e394d0800 JavaThread "Cancel handler" [_thread_blocked, id=11808, stack(0x000000e2ec100000,0x000000e2ec200000)]
  0x0000026e394d1800 JavaThread "Daemon worker" [_thread_blocked, id=11352, stack(0x000000e2ec200000,0x000000e2ec300000)]
  0x0000026e3beed800 JavaThread "Asynchronous log dispatcher for DefaultDaemonConnection: socket connection from /127.0.0.1:64882 to /127.0.0.1:64883" [_thread_blocked, id=15092, stack(0x000000e2ec300000,0x000000e2ec400000)]
  0x0000026e3beed000 JavaThread "Daemon client event forwarder" [_thread_blocked, id=11972, stack(0x000000e2ec500000,0x000000e2ec600000)]
  0x0000026e3beee800 JavaThread "Cache worker for journal cache (C:\Users\souvik dey\.gradle\caches\journal-1)" [_thread_blocked, id=27204, stack(0x000000e2eca00000,0x000000e2ecb00000)]
  0x0000026e3beef800 JavaThread "File lock request listener" [_thread_in_native, id=24228, stack(0x000000e2ecb00000,0x000000e2ecc00000)]
  0x0000026e3bef0000 JavaThread "Cache worker for file hash cache (C:\Users\souvik dey\.gradle\caches\7.2\fileHashes)" [_thread_blocked, id=27340, stack(0x000000e2ecc00000,0x000000e2ecd00000)]
  0x0000026e3beeb800 JavaThread "Cache worker for file hash cache (E:\my programming\android projects\FavoritePlaces\.gradle\7.2\fileHashes)" [_thread_blocked, id=13148, stack(0x000000e2ece00000,0x000000e2ecf00000)]
  0x0000026e3bef2000 JavaThread "File watcher server" daemon [_thread_in_native, id=24656, stack(0x000000e2ecf00000,0x000000e2ed000000)]
  0x0000026e3beec000 JavaThread "File watcher consumer" daemon [_thread_blocked, id=8748, stack(0x000000e2ed000000,0x000000e2ed100000)]
  0x0000026e3bef8800 JavaThread "Cache worker for checksums cache (E:\my programming\android projects\FavoritePlaces\.gradle\checksums)" [_thread_blocked, id=15564, stack(0x000000e2ed100000,0x000000e2ed200000)]
  0x0000026e3bef2800 JavaThread "Cache worker for cache directory md-supplier (C:\Users\souvik dey\.gradle\caches\7.2\md-supplier)" [_thread_blocked, id=13332, stack(0x000000e2ed200000,0x000000e2ed300000)]
  0x0000026e3bef6800 JavaThread "Cache worker for cache directory md-rule (C:\Users\souvik dey\.gradle\caches\7.2\md-rule)" [_thread_blocked, id=12456, stack(0x000000e2ed300000,0x000000e2ed400000)]
  0x0000026e3bef3800 JavaThread "Cache worker for execution history cache (C:\Users\souvik dey\.gradle\caches\7.2\executionHistory)" [_thread_blocked, id=9304, stack(0x000000e2ed400000,0x000000e2ed500000)]
  0x0000026e3bef7800 JavaThread "jar transforms" [_thread_blocked, id=25416, stack(0x000000e2ed500000,0x000000e2ed600000)]
  0x0000026e3bef9000 JavaThread "Cache worker for file content cache (C:\Users\souvik dey\.gradle\caches\7.2\fileContent)" [_thread_blocked, id=23696, stack(0x000000e2ed600000,0x000000e2ed700000)]
  0x0000026e3befa000 JavaThread "jar transforms Thread 2" [_thread_blocked, id=12732, stack(0x000000e2ed700000,0x000000e2ed800000)]
  0x0000026e3deeb800 JavaThread "Cache worker for dependencies-accessors (E:\my programming\android projects\FavoritePlaces\.gradle\7.2\dependencies-accessors)" [_thread_blocked, id=24768, stack(0x000000e2ed800000,0x000000e2ed900000)]
  0x0000026e3deed800 JavaThread "jar transforms Thread 3" [_thread_blocked, id=26080, stack(0x000000e2ed900000,0x000000e2eda00000)]
  0x0000026e3deea000 JavaThread "Cache worker for Build Output Cleanup Cache (E:\my programming\android projects\FavoritePlaces\.gradle\buildOutputCleanup)" [_thread_blocked, id=22692, stack(0x000000e2eda00000,0x000000e2edb00000)]
  0x0000026e3deee000 JavaThread "Unconstrained build operations" [_thread_blocked, id=3744, stack(0x000000e2edb00000,0x000000e2edc00000)]
  0x0000026e3deeb000 JavaThread "Unconstrained build operations Thread 2" [_thread_blocked, id=8828, stack(0x000000e2edc00000,0x000000e2edd00000)]
  0x0000026e3deec800 JavaThread "Unconstrained build operations Thread 3" [_thread_blocked, id=19548, stack(0x000000e2edd00000,0x000000e2ede00000)]
  0x0000026e3deef000 JavaThread "Unconstrained build operations Thread 4" [_thread_blocked, id=27520, stack(0x000000e2ede00000,0x000000e2edf00000)]
  0x0000026e3dee9000 JavaThread "Unconstrained build operations Thread 5" [_thread_blocked, id=16744, stack(0x000000e2edf00000,0x000000e2ee000000)]
  0x0000026e3def0800 JavaThread "Unconstrained build operations Thread 6" [_thread_blocked, id=14452, stack(0x000000e2ee000000,0x000000e2ee100000)]
  0x0000026e3def1800 JavaThread "Unconstrained build operations Thread 7" [_thread_blocked, id=1444, stack(0x000000e2ee100000,0x000000e2ee200000)]
  0x0000026e3def4800 JavaThread "Unconstrained build operations Thread 8" [_thread_blocked, id=19420, stack(0x000000e2ee200000,0x000000e2ee300000)]
  0x0000026e3def2000 JavaThread "Unconstrained build operations Thread 9" [_thread_blocked, id=17864, stack(0x000000e2ee300000,0x000000e2ee400000)]
  0x0000026e3def5800 JavaThread "Unconstrained build operations Thread 10" [_thread_blocked, id=8296, stack(0x000000e2ee400000,0x000000e2ee500000)]
  0x0000026e3deef800 JavaThread "Unconstrained build operations Thread 11" [_thread_blocked, id=17872, stack(0x000000e2ee500000,0x000000e2ee600000)]
  0x0000026e3def4000 JavaThread "Unconstrained build operations Thread 12" [_thread_blocked, id=27628, stack(0x000000e2ee600000,0x000000e2ee700000)]
  0x0000026e3def6000 JavaThread "Unconstrained build operations Thread 13" [_thread_blocked, id=21320, stack(0x000000e2ee700000,0x000000e2ee800000)]
  0x0000026e3def7000 JavaThread "Unconstrained build operations Thread 14" [_thread_blocked, id=26956, stack(0x000000e2ee800000,0x000000e2ee900000)]
  0x0000026e3def8000 JavaThread "Unconstrained build operations Thread 15" [_thread_blocked, id=21512, stack(0x000000e2ee900000,0x000000e2eea00000)]
  0x0000026e3def3000 JavaThread "Unconstrained build operations Thread 16" [_thread_blocked, id=19408, stack(0x000000e2eea00000,0x000000e2eeb00000)]
  0x0000026e3e649000 JavaThread "Unconstrained build operations Thread 17" [_thread_blocked, id=27460, stack(0x000000e2eeb00000,0x000000e2eec00000)]
  0x0000026e3e64b800 JavaThread "Unconstrained build operations Thread 18" [_thread_blocked, id=15212, stack(0x000000e2eec00000,0x000000e2eed00000)]
  0x0000026e3e64c800 JavaThread "Unconstrained build operations Thread 19" [_thread_blocked, id=18184, stack(0x000000e2eed00000,0x000000e2eee00000)]
  0x0000026e3e64d000 JavaThread "Unconstrained build operations Thread 20" [_thread_blocked, id=27096, stack(0x000000e2eee00000,0x000000e2eef00000)]
  0x0000026e3e64a000 JavaThread "Unconstrained build operations Thread 21" [_thread_blocked, id=26732, stack(0x000000e2eef00000,0x000000e2ef000000)]
  0x0000026e3e64e000 JavaThread "Unconstrained build operations Thread 22" [_thread_blocked, id=9068, stack(0x000000e2ef000000,0x000000e2ef100000)]
  0x0000026e3e650800 JavaThread "Unconstrained build operations Thread 23" [_thread_blocked, id=10252, stack(0x000000e2ef100000,0x000000e2ef200000)]
  0x0000026e3e64f000 JavaThread "Unconstrained build operations Thread 24" [_thread_blocked, id=18276, stack(0x000000e2ef200000,0x000000e2ef300000)]
  0x0000026e3e64f800 JavaThread "Unconstrained build operations Thread 25" [_thread_blocked, id=18724, stack(0x000000e2ef300000,0x000000e2ef400000)]
  0x0000026e3e64b000 JavaThread "Unconstrained build operations Thread 26" [_thread_blocked, id=18120, stack(0x000000e2ef400000,0x000000e2ef500000)]
  0x0000026e3e653800 JavaThread "Unconstrained build operations Thread 27" [_thread_blocked, id=20296, stack(0x000000e2ef500000,0x000000e2ef600000)]
  0x0000026e3e653000 JavaThread "Unconstrained build operations Thread 28" [_thread_blocked, id=6800, stack(0x000000e2ef600000,0x000000e2ef700000)]
  0x0000026e3e654800 JavaThread "Unconstrained build operations Thread 29" [_thread_blocked, id=19304, stack(0x000000e2ef700000,0x000000e2ef800000)]
  0x0000026e3e655800 JavaThread "Unconstrained build operations Thread 30" [_thread_blocked, id=9028, stack(0x000000e2ef800000,0x000000e2ef900000)]
  0x0000026e3e656000 JavaThread "Unconstrained build operations Thread 31" [_thread_blocked, id=8152, stack(0x000000e2ef900000,0x000000e2efa00000)]
  0x0000026e3e657000 JavaThread "Unconstrained build operations Thread 32" [_thread_blocked, id=23288, stack(0x000000e2efa00000,0x000000e2efb00000)]
  0x0000026e3e651800 JavaThread "Unconstrained build operations Thread 33" [_thread_blocked, id=5840, stack(0x000000e2efb00000,0x000000e2efc00000)]
  0x0000026e3e658000 JavaThread "Unconstrained build operations Thread 34" [_thread_blocked, id=10656, stack(0x000000e2efc00000,0x000000e2efd00000)]
  0x0000026e3e652000 JavaThread "Unconstrained build operations Thread 35" [_thread_blocked, id=23788, stack(0x000000e2efd00000,0x000000e2efe00000)]
  0x0000026e3ea70000 JavaThread "Unconstrained build operations Thread 36" [_thread_blocked, id=14440, stack(0x000000e2efe00000,0x000000e2eff00000)]
  0x0000026e3ea72800 JavaThread "Unconstrained build operations Thread 37" [_thread_blocked, id=9716, stack(0x000000e2eff00000,0x000000e2f0000000)]
  0x0000026e3ea71000 JavaThread "Unconstrained build operations Thread 38" [_thread_blocked, id=6248, stack(0x000000e2f0000000,0x000000e2f0100000)]
  0x0000026e3ea75000 JavaThread "Unconstrained build operations Thread 39" [_thread_blocked, id=13692, stack(0x000000e2f0100000,0x000000e2f0200000)]
  0x0000026e3ea6f800 JavaThread "Unconstrained build operations Thread 40" [_thread_blocked, id=15240, stack(0x000000e2f0200000,0x000000e2f0300000)]
  0x0000026e3ea74000 JavaThread "Unconstrained build operations Thread 41" [_thread_blocked, id=21220, stack(0x000000e2f0300000,0x000000e2f0400000)]
  0x0000026e3ea76000 JavaThread "Unconstrained build operations Thread 42" [_thread_blocked, id=24848, stack(0x000000e2f0400000,0x000000e2f0500000)]
  0x0000026e3ea71800 JavaThread "Unconstrained build operations Thread 43" [_thread_blocked, id=24320, stack(0x000000e2f0500000,0x000000e2f0600000)]
  0x0000026e3ea76800 JavaThread "Unconstrained build operations Thread 44" [_thread_blocked, id=25868, stack(0x000000e2f0600000,0x000000e2f0700000)]
  0x0000026e3ea78800 JavaThread "Unconstrained build operations Thread 45" [_thread_blocked, id=18204, stack(0x000000e2f0700000,0x000000e2f0800000)]
  0x0000026e3ea73800 JavaThread "Unconstrained build operations Thread 46" [_thread_blocked, id=26324, stack(0x000000e2f0800000,0x000000e2f0900000)]
  0x0000026e3ea7d000 JavaThread "Unconstrained build operations Thread 47" [_thread_blocked, id=22636, stack(0x000000e2f0900000,0x000000e2f0a00000)]
  0x0000026e3ea7a800 JavaThread "Unconstrained build operations Thread 48" [_thread_blocked, id=11752, stack(0x000000e2f0a00000,0x000000e2f0b00000)]
  0x0000026e3ea7b800 JavaThread "Unconstrained build operations Thread 49" [_thread_blocked, id=26888, stack(0x000000e2f0b00000,0x000000e2f0c00000)]
  0x0000026e3ea79000 JavaThread "Unconstrained build operations Thread 50" [_thread_blocked, id=23300, stack(0x000000e2f0c00000,0x000000e2f0d00000)]
  0x0000026e3ea7c800 JavaThread "Unconstrained build operations Thread 51" [_thread_blocked, id=16400, stack(0x000000e2f0d00000,0x000000e2f0e00000)]
  0x0000026e3ea7a000 JavaThread "Unconstrained build operations Thread 52" [_thread_blocked, id=27324, stack(0x000000e2f0e00000,0x000000e2f0f00000)]
  0x0000026e3ea77800 JavaThread "Unconstrained build operations Thread 53" [_thread_blocked, id=26476, stack(0x000000e2f0f00000,0x000000e2f1000000)]
  0x0000026e3ea7e000 JavaThread "Unconstrained build operations Thread 54" [_thread_blocked, id=24380, stack(0x000000e2f1000000,0x000000e2f1100000)]
  0x0000026e3eaf5800 JavaThread "Unconstrained build operations Thread 55" [_thread_blocked, id=19300, stack(0x000000e2f1100000,0x000000e2f1200000)]
  0x0000026e3eaf5000 JavaThread "Unconstrained build operations Thread 56" [_thread_blocked, id=12688, stack(0x000000e2f1200000,0x000000e2f1300000)]
  0x0000026e3eaf4000 JavaThread "Unconstrained build operations Thread 57" [_thread_blocked, id=10256, stack(0x000000e2f1300000,0x000000e2f1400000)]
  0x0000026e3eaf6800 JavaThread "Unconstrained build operations Thread 58" [_thread_blocked, id=4472, stack(0x000000e2f1400000,0x000000e2f1500000)]
  0x0000026e3eaf3000 JavaThread "Unconstrained build operations Thread 59" [_thread_blocked, id=7544, stack(0x000000e2f1500000,0x000000e2f1600000)]
  0x0000026e3eafc000 JavaThread "Unconstrained build operations Thread 60" [_thread_blocked, id=12292, stack(0x000000e2f1600000,0x000000e2f1700000)]
  0x0000026e3eaf7800 JavaThread "Unconstrained build operations Thread 61" [_thread_blocked, id=25816, stack(0x000000e2f1700000,0x000000e2f1800000)]
  0x0000026e3eafd000 JavaThread "Unconstrained build operations Thread 62" [_thread_blocked, id=16696, stack(0x000000e2f1800000,0x000000e2f1900000)]
  0x0000026e3eafa000 JavaThread "Unconstrained build operations Thread 63" [_thread_blocked, id=3272, stack(0x000000e2f1900000,0x000000e2f1a00000)]
  0x0000026e3eaf8000 JavaThread "Unconstrained build operations Thread 64" [_thread_blocked, id=25704, stack(0x000000e2f1a00000,0x000000e2f1b00000)]
  0x0000026e3eafe000 JavaThread "Unconstrained build operations Thread 65" [_thread_blocked, id=24444, stack(0x000000e2f1b00000,0x000000e2f1c00000)]
  0x0000026e3eafe800 JavaThread "Unconstrained build operations Thread 66" [_thread_blocked, id=26152, stack(0x000000e2f1c00000,0x000000e2f1d00000)]
  0x0000026e3eaf9000 JavaThread "Unconstrained build operations Thread 67" [_thread_blocked, id=24004, stack(0x000000e2f1d00000,0x000000e2f1e00000)]
  0x0000026e3eaff800 JavaThread "Unconstrained build operations Thread 68" [_thread_blocked, id=23176, stack(0x000000e2f1e00000,0x000000e2f1f00000)]
  0x0000026e3eb00800 JavaThread "Unconstrained build operations Thread 69" [_thread_blocked, id=26808, stack(0x000000e2f1f00000,0x000000e2f2000000)]
  0x0000026e3eafa800 JavaThread "Unconstrained build operations Thread 70" [_thread_blocked, id=23048, stack(0x000000e2f2000000,0x000000e2f2100000)]
  0x0000026e3eb01000 JavaThread "Unconstrained build operations Thread 71" [_thread_blocked, id=19000, stack(0x000000e2f2100000,0x000000e2f2200000)]
  0x0000026e3eafb800 JavaThread "Unconstrained build operations Thread 72" [_thread_blocked, id=17820, stack(0x000000e2f2200000,0x000000e2f2300000)]
  0x0000026e3eb02000 JavaThread "Unconstrained build operations Thread 73" [_thread_blocked, id=13208, stack(0x000000e2f2300000,0x000000e2f2400000)]
  0x0000026e3eb2c000 JavaThread "Unconstrained build operations Thread 74" [_thread_blocked, id=27400, stack(0x000000e2f2400000,0x000000e2f2500000)]
  0x0000026e3eb2d000 JavaThread "Unconstrained build operations Thread 75" [_thread_blocked, id=3420, stack(0x000000e2f2500000,0x000000e2f2600000)]
  0x0000026e3eb29000 JavaThread "Unconstrained build operations Thread 76" [_thread_blocked, id=25940, stack(0x000000e2f2600000,0x000000e2f2700000)]
  0x0000026e3eb29800 JavaThread "Unconstrained build operations Thread 77" [_thread_blocked, id=260, stack(0x000000e2f2700000,0x000000e2f2800000)]
  0x0000026e3eb27800 JavaThread "Unconstrained build operations Thread 78" [_thread_blocked, id=4948, stack(0x000000e2f2800000,0x000000e2f2900000)]
  0x0000026e3eb2a800 JavaThread "Unconstrained build operations Thread 79" [_thread_blocked, id=12844, stack(0x000000e2f2900000,0x000000e2f2a00000)]
  0x0000026e3eb2b800 JavaThread "Unconstrained build operations Thread 80" [_thread_blocked, id=24944, stack(0x000000e2f2a00000,0x000000e2f2b00000)]
  0x0000026e3eb2e000 JavaThread "jar transforms Thread 4" [_thread_blocked, id=22640, stack(0x000000e2f2b00000,0x000000e2f2c00000)]
  0x0000026e3eb28000 JavaThread "jar transforms Thread 5" [_thread_blocked, id=16396, stack(0x000000e2f2c00000,0x000000e2f2d00000)]
  0x0000026e3eb30800 JavaThread "jar transforms Thread 6" [_thread_blocked, id=26796, stack(0x000000e2f2d00000,0x000000e2f2e00000)]
  0x0000026e3eb32000 JavaThread "jar transforms Thread 7" [_thread_blocked, id=26644, stack(0x000000e2f2e00000,0x000000e2f2f00000)]
  0x0000026e3eb2e800 JavaThread "jar transforms Thread 8" [_thread_blocked, id=23232, stack(0x000000e2f2f00000,0x000000e2f3000000)]
  0x0000026e3eb32800 JavaThread "Memory manager" [_thread_blocked, id=26904, stack(0x000000e2f3000000,0x000000e2f3100000)]
  0x0000026e3eb35000 JavaThread "build event listener" [_thread_blocked, id=26936, stack(0x000000e2f3100000,0x000000e2f3200000)]
  0x0000026e3eb33800 JavaThread "build event listener" [_thread_blocked, id=18564, stack(0x000000e2f3200000,0x000000e2f3300000)]
  0x0000026e3eb31000 JavaThread "pool-3-thread-1" [_thread_blocked, id=24748, stack(0x000000e2f3300000,0x000000e2f3400000)]
  0x0000026e3eb34800 JavaThread "build event listener" [_thread_blocked, id=6964, stack(0x000000e2f3400000,0x000000e2f3500000)]
  0x0000026e3eb2f800 JavaThread "Execution worker for ':'" [_thread_blocked, id=15252, stack(0x000000e2f3500000,0x000000e2f3600000)]
  0x0000026e3eb36000 JavaThread "Execution worker for ':' Thread 2" [_thread_blocked, id=6980, stack(0x000000e2f3600000,0x000000e2f3700000)]
  0x0000026e3ac86800 JavaThread "Execution worker for ':' Thread 3" [_thread_blocked, id=27368, stack(0x000000e2f3700000,0x000000e2f3800000)]
  0x0000026e3ac84000 JavaThread "Execution worker for ':' Thread 4" [_thread_blocked, id=10260, stack(0x000000e2f3800000,0x000000e2f3900000)]
  0x0000026e3ac87800 JavaThread "Execution worker for ':' Thread 5" [_thread_blocked, id=14132, stack(0x000000e2f3900000,0x000000e2f3a00000)]
  0x0000026e3ac88800 JavaThread "Execution worker for ':' Thread 6" [_thread_blocked, id=25928, stack(0x000000e2f3a00000,0x000000e2f3b00000)]
  0x0000026e3ac89000 JavaThread "Execution worker for ':' Thread 7" [_thread_blocked, id=17404, stack(0x000000e2f3b00000,0x000000e2f3c00000)]
  0x0000026e3ac85000 JavaThread "Cache worker for execution history cache (E:\my programming\android projects\FavoritePlaces\.gradle\7.2\executionHistory)" [_thread_blocked, id=27256, stack(0x000000e2f3c00000,0x000000e2f3d00000)]
  0x0000026e3ac83800 JavaThread "WorkerExecutor Queue" [_thread_blocked, id=5108, stack(0x000000e2f3e00000,0x000000e2f3f00000)]
  0x0000026e3ac86000 JavaThread "pool-4-thread-1" [_thread_blocked, id=17388, stack(0x000000e2f3f00000,0x000000e2f4000000)]
  0x0000026e3ac8a800 JavaThread "stderr" [_thread_in_native, id=6216, stack(0x000000e2f4000000,0x000000e2f4100000)]
  0x0000026e3ac8a000 JavaThread "stdout" [_thread_in_native, id=15516, stack(0x000000e2f4100000,0x000000e2f4200000)]
  0x0000026e3ac8c800 JavaThread "RMI Scheduler(0)" daemon [_thread_blocked, id=3424, stack(0x000000e2f3d00000,0x000000e2f3e00000)]
  0x0000026e3ac8d000 JavaThread "RMI GC Daemon" daemon [_thread_blocked, id=22392, stack(0x000000e2f4600000,0x000000e2f4700000)]
  0x0000026e3ac8e000 JavaThread "RMI TCP Accept-0" daemon [_thread_in_native, id=11236, stack(0x000000e2f4700000,0x000000e2f4800000)]
  0x0000026e3ac8f000 JavaThread "RMI Reaper" [_thread_blocked, id=25156, stack(0x000000e2f4800000,0x000000e2f4900000)]
  0x0000026e3ac92000 JavaThread "RMI TCP Connection(2)-127.0.0.1" daemon [_thread_in_native, id=18504, stack(0x000000e2f4900000,0x000000e2f4a00000)]
  0x0000026e3ac8f800 JavaThread "Cache worker for Java compile cache (C:\Users\souvik dey\.gradle\caches\7.2\javaCompile)" [_thread_blocked, id=7204, stack(0x000000e2ea400000,0x000000e2ea500000)]
  0x0000026e3ac90800 JavaThread "Build operations" [_thread_blocked, id=11776, stack(0x000000e2ea500000,0x000000e2ea600000)]
  0x0000026e3ac91800 JavaThread "Build operations Thread 2" [_thread_blocked, id=14648, stack(0x000000e2ea600000,0x000000e2ea700000)]
  0x0000026e3bef1000 JavaThread "Build operations Thread 3" [_thread_blocked, id=4336, stack(0x000000e2ec400000,0x000000e2ec500000)]
  0x0000026e422f3800 JavaThread "Build operations Thread 4" [_thread_blocked, id=6728, stack(0x000000e2f4400000,0x000000e2f4500000)]
  0x0000026e422f2000 JavaThread "Build operations Thread 5" [_thread_blocked, id=22748, stack(0x000000e2f4a00000,0x000000e2f4b00000)]
  0x0000026e422f6000 JavaThread "Build operations Thread 6" [_thread_blocked, id=24872, stack(0x000000e2f4b00000,0x000000e2f4c00000)]
  0x0000026e422f2800 JavaThread "Build operations Thread 7" [_thread_blocked, id=27464, stack(0x000000e2f4c00000,0x000000e2f4d00000)]
  0x0000026e422f1000 JavaThread "Build operations Thread 8" [_thread_blocked, id=18440, stack(0x000000e2f4d00000,0x000000e2f4e00000)]
  0x0000026e422f4800 JavaThread "WorkerExecutor Queue Thread 2" [_thread_blocked, id=19464, stack(0x000000e2f4500000,0x000000e2f4600000)]
  0x0000026e422f6800 JavaThread "WorkerExecutor Queue Thread 3" [_thread_blocked, id=19784, stack(0x000000e2f4e00000,0x000000e2f4f00000)]
  0x0000026e422f7800 JavaThread "WorkerExecutor Queue Thread 4" [_thread_blocked, id=19012, stack(0x000000e2f4f00000,0x000000e2f5000000)]
  0x0000026e422fa000 JavaThread "WorkerExecutor Queue Thread 5" [_thread_in_vm, id=27088, stack(0x000000e2f5000000,0x000000e2f5100000)]
  0x0000026e422f8800 JavaThread "WorkerExecutor Queue Thread 6" [_thread_blocked, id=22628, stack(0x000000e2f5100000,0x000000e2f5200000)]
  0x0000026e422f9000 JavaThread "WorkerExecutor Queue Thread 7" [_thread_blocked, id=24276, stack(0x000000e2f5200000,0x000000e2f5300000)]
  0x0000026e422fb000 JavaThread "WorkerExecutor Queue Thread 8" [_thread_blocked, id=14420, stack(0x000000e2f5300000,0x000000e2f5400000)]
  0x0000026e422f5000 JavaThread "WorkerExecutor Queue Thread 9" [_thread_blocked, id=1468, stack(0x000000e2f5400000,0x000000e2f5500000)]

Other Threads:
  0x0000026e3949e000 VMThread "VM Thread" [stack: 0x000000e2ead00000,0x000000e2eae00000] [id=24164]
  0x0000026e39fdd800 WatcherThread [stack: 0x000000e2eb700000,0x000000e2eb800000] [id=22084]
  0x0000026e1e834800 GCTaskThread "GC Thread#0" [stack: 0x000000e2ea800000,0x000000e2ea900000] [id=26432]
  0x0000026e3af11000 GCTaskThread "GC Thread#1" [stack: 0x000000e2eb800000,0x000000e2eb900000] [id=13136]
  0x0000026e3b847000 GCTaskThread "GC Thread#2" [stack: 0x000000e2eba00000,0x000000e2ebb00000] [id=17360]
  0x0000026e3b7b6800 GCTaskThread "GC Thread#3" [stack: 0x000000e2ebb00000,0x000000e2ebc00000] [id=10932]
  0x0000026e3b940800 GCTaskThread "GC Thread#4" [stack: 0x000000e2ec600000,0x000000e2ec700000] [id=13644]
  0x0000026e3b941800 GCTaskThread "GC Thread#5" [stack: 0x000000e2ec700000,0x000000e2ec800000] [id=13280]
  0x0000026e3be3a800 GCTaskThread "GC Thread#6" [stack: 0x000000e2ec800000,0x000000e2ec900000] [id=8552]
  0x0000026e3be3b000 GCTaskThread "GC Thread#7" [stack: 0x000000e2ec900000,0x000000e2eca00000] [id=21068]
  0x0000026e1e868000 ConcurrentGCThread "G1 Main Marker" [stack: 0x000000e2ea900000,0x000000e2eaa00000] [id=27560]
  0x0000026e1e869000 ConcurrentGCThread "G1 Conc#0" [stack: 0x000000e2eaa00000,0x000000e2eab00000] [id=25392]
  0x0000026e3c0b3800 ConcurrentGCThread "G1 Conc#1" [stack: 0x000000e2ecd00000,0x000000e2ece00000] [id=27588]
  0x0000026e1e8ec000 ConcurrentGCThread "G1 Refine#0" [stack: 0x000000e2eab00000,0x000000e2eac00000] [id=21488]
  0x0000026e3b874800 ConcurrentGCThread "G1 Refine#1" [stack: 0x000000e2ebc00000,0x000000e2ebd00000] [id=13664]
  0x0000026e1e8ed000 ConcurrentGCThread "G1 Young RemSet Sampling" [stack: 0x000000e2eac00000,0x000000e2ead00000] [id=27436]

Threads with active compile tasks:
C2 CompilerThread0  91880 14682       4       org.gradle.internal.instantiation.generator.AbstractClassGenerator$InjectionAnnotationValidator::validateMethod (502 bytes)

VM state:not at safepoint (normal execution)

VM Mutex/Monitor currently owned by a thread: None

Heap address: 0x0000000080000000, size: 2048 MB, Compressed Oops mode: 32-bit
Narrow klass base: 0x0000000000000000, Narrow klass shift: 3
Compressed class space size: 1073741824 Address: 0x0000000100000000

Heap:
 garbage-first heap   total 206848K, used 129550K [0x0000000080000000, 0x0000000100000000)
  region size 1024K, 22 young (22528K), 5 survivors (5120K)
 Metaspace       used 110836K, capacity 113545K, committed 113740K, reserved 1148928K
  class space    used 14084K, capacity 15084K, committed 15180K, reserved 1048576K
Heap Regions: E=young(eden), S=young(survivor), O=old, HS=humongous(starts), HC=humongous(continues), CS=collection set, F=free, A=archive, TAMS=top-at-mark-start (previous, next)
|   0|0x0000000080000000, 0x0000000080100000, 0x0000000080100000|100%| O|  |TAMS 0x0000000080100000, 0x0000000080000000| Untracked 
|   1|0x0000000080100000, 0x0000000080200000, 0x0000000080200000|100%| O|  |TAMS 0x0000000080200000, 0x0000000080100000| Untracked 
|   2|0x0000000080200000, 0x0000000080300000, 0x0000000080300000|100%| O|  |TAMS 0x0000000080300000, 0x0000000080200000| Untracked 
|   3|0x0000000080300000, 0x0000000080400000, 0x0000000080400000|100%|HS|  |TAMS 0x0000000080400000, 0x0000000080300000| Complete 
|   4|0x0000000080400000, 0x0000000080500000, 0x0000000080500000|100%|HC|  |TAMS 0x0000000080500000, 0x0000000080400000| Complete 
|   5|0x0000000080500000, 0x0000000080600000, 0x0000000080600000|100%|HC|  |TAMS 0x0000000080600000, 0x0000000080500000| Complete 
|   6|0x0000000080600000, 0x0000000080700000, 0x0000000080700000|100%| O|  |TAMS 0x0000000080700000, 0x0000000080600000| Untracked 
|   7|0x0000000080700000, 0x0000000080800000, 0x0000000080800000|100%| O|  |TAMS 0x0000000080800000, 0x0000000080700000| Untracked 
|   8|0x0000000080800000, 0x0000000080900000, 0x0000000080900000|100%| O|  |TAMS 0x0000000080900000, 0x0000000080800000| Untracked 
|   9|0x0000000080900000, 0x0000000080a00000, 0x0000000080a00000|100%| O|  |TAMS 0x0000000080a00000, 0x0000000080900000| Untracked 
|  10|0x0000000080a00000, 0x0000000080b00000, 0x0000000080b00000|100%| O|  |TAMS 0x0000000080b00000, 0x0000000080a00000| Untracked 
|  11|0x0000000080b00000, 0x0000000080c00000, 0x0000000080c00000|100%| O|  |TAMS 0x0000000080c00000, 0x0000000080b00000| Untracked 
|  12|0x0000000080c00000, 0x0000000080d00000, 0x0000000080d00000|100%| O|  |TAMS 0x0000000080d00000, 0x0000000080c00000| Untracked 
|  13|0x0000000080d00000, 0x0000000080e00000, 0x0000000080e00000|100%| O|  |TAMS 0x0000000080e00000, 0x0000000080d00000| Untracked 
|  14|0x0000000080e00000, 0x0000000080f00000, 0x0000000080f00000|100%| O|  |TAMS 0x0000000080f00000, 0x0000000080e00000| Untracked 
|  15|0x0000000080f00000, 0x0000000081000000, 0x0000000081000000|100%| O|  |TAMS 0x0000000081000000, 0x0000000080f00000| Untracked 
|  16|0x0000000081000000, 0x0000000081100000, 0x0000000081100000|100%| O|  |TAMS 0x0000000081100000, 0x0000000081000000| Untracked 
|  17|0x0000000081100000, 0x0000000081200000, 0x0000000081200000|100%| O|  |TAMS 0x0000000081200000, 0x0000000081100000| Untracked 
|  18|0x0000000081200000, 0x0000000081300000, 0x0000000081300000|100%| O|  |TAMS 0x0000000081300000, 0x0000000081200000| Untracked 
|  19|0x0000000081300000, 0x0000000081400000, 0x0000000081400000|100%| O|  |TAMS 0x0000000081400000, 0x0000000081300000| Untracked 
|  20|0x0000000081400000, 0x0000000081500000, 0x0000000081500000|100%| O|  |TAMS 0x0000000081500000, 0x0000000081400000| Untracked 
|  21|0x0000000081500000, 0x0000000081600000, 0x0000000081600000|100%| O|  |TAMS 0x0000000081600000, 0x0000000081500000| Untracked 
|  22|0x0000000081600000, 0x0000000081700000, 0x0000000081700000|100%| O|  |TAMS 0x0000000081700000, 0x0000000081600000| Untracked 
|  23|0x0000000081700000, 0x0000000081800000, 0x0000000081800000|100%| O|  |TAMS 0x0000000081800000, 0x0000000081700000| Untracked 
|  24|0x0000000081800000, 0x0000000081900000, 0x0000000081900000|100%| O|  |TAMS 0x0000000081900000, 0x0000000081800000| Untracked 
|  25|0x0000000081900000, 0x0000000081a00000, 0x0000000081a00000|100%| O|  |TAMS 0x0000000081a00000, 0x0000000081900000| Untracked 
|  26|0x0000000081a00000, 0x0000000081b00000, 0x0000000081b00000|100%| O|  |TAMS 0x0000000081b00000, 0x0000000081a00000| Untracked 
|  27|0x0000000081b00000, 0x0000000081c00000, 0x0000000081c00000|100%| O|  |TAMS 0x0000000081c00000, 0x0000000081b00000| Untracked 
|  28|0x0000000081c00000, 0x0000000081d00000, 0x0000000081d00000|100%| O|  |TAMS 0x0000000081d00000, 0x0000000081c00000| Untracked 
|  29|0x0000000081d00000, 0x0000000081e00000, 0x0000000081e00000|100%|HS|  |TAMS 0x0000000081e00000, 0x0000000081d00000| Complete 
|  30|0x0000000081e00000, 0x0000000081f00000, 0x0000000081f00000|100%|HS|  |TAMS 0x0000000081f00000, 0x0000000081e00000| Complete 
|  31|0x0000000081f00000, 0x0000000082000000, 0x0000000082000000|100%|HS|  |TAMS 0x0000000082000000, 0x0000000081f00000| Complete 
|  32|0x0000000082000000, 0x0000000082100000, 0x0000000082100000|100%|HS|  |TAMS 0x0000000082100000, 0x0000000082000000| Complete 
|  33|0x0000000082100000, 0x0000000082200000, 0x0000000082200000|100%|HS|  |TAMS 0x0000000082200000, 0x0000000082100000| Complete 
|  34|0x0000000082200000, 0x0000000082300000, 0x0000000082300000|100%|HC|  |TAMS 0x0000000082300000, 0x0000000082200000| Complete 
|  35|0x0000000082300000, 0x0000000082400000, 0x0000000082400000|100%|HC|  |TAMS 0x0000000082400000, 0x0000000082300000| Complete 
|  36|0x0000000082400000, 0x0000000082500000, 0x0000000082500000|100%|HS|  |TAMS 0x0000000082500000, 0x0000000082400000| Complete 
|  37|0x0000000082500000, 0x0000000082600000, 0x0000000082600000|100%|HC|  |TAMS 0x0000000082600000, 0x0000000082500000| Complete 
|  38|0x0000000082600000, 0x0000000082700000, 0x0000000082700000|100%| O|  |TAMS 0x0000000082700000, 0x0000000082600000| Untracked 
|  39|0x0000000082700000, 0x0000000082800000, 0x0000000082800000|100%| O|  |TAMS 0x0000000082800000, 0x0000000082700000| Untracked 
|  40|0x0000000082800000, 0x0000000082900000, 0x0000000082900000|100%| O|  |TAMS 0x0000000082900000, 0x0000000082800000| Untracked 
|  41|0x0000000082900000, 0x0000000082a00000, 0x0000000082a00000|100%| O|  |TAMS 0x0000000082a00000, 0x0000000082900000| Untracked 
|  42|0x0000000082a00000, 0x0000000082b00000, 0x0000000082b00000|100%| O|  |TAMS 0x0000000082b00000, 0x0000000082a00000| Untracked 
|  43|0x0000000082b00000, 0x0000000082c00000, 0x0000000082c00000|100%| O|  |TAMS 0x0000000082c00000, 0x0000000082b00000| Untracked 
|  44|0x0000000082c00000, 0x0000000082d00000, 0x0000000082d00000|100%| O|  |TAMS 0x0000000082d00000, 0x0000000082c00000| Untracked 
|  45|0x0000000082d00000, 0x0000000082e00000, 0x0000000082e00000|100%| O|  |TAMS 0x0000000082e00000, 0x0000000082d00000| Untracked 
|  46|0x0000000082e00000, 0x0000000082f00000, 0x0000000082f00000|100%| O|  |TAMS 0x0000000082f00000, 0x0000000082e00000| Untracked 
|  47|0x0000000082f00000, 0x0000000083000000, 0x0000000083000000|100%| O|  |TAMS 0x0000000083000000, 0x0000000082f00000| Untracked 
|  48|0x0000000083000000, 0x0000000083100000, 0x0000000083100000|100%| O|  |TAMS 0x0000000083100000, 0x0000000083000000| Untracked 
|  49|0x0000000083100000, 0x0000000083200000, 0x0000000083200000|100%| O|  |TAMS 0x0000000083200000, 0x0000000083100000| Untracked 
|  50|0x0000000083200000, 0x0000000083300000, 0x0000000083300000|100%| O|  |TAMS 0x0000000083300000, 0x0000000083200000| Untracked 
|  51|0x0000000083300000, 0x0000000083400000, 0x0000000083400000|100%| O|  |TAMS 0x0000000083400000, 0x0000000083300000| Untracked 
|  52|0x0000000083400000, 0x0000000083500000, 0x0000000083500000|100%| O|  |TAMS 0x0000000083500000, 0x0000000083400000| Untracked 
|  53|0x0000000083500000, 0x0000000083600000, 0x0000000083600000|100%| O|  |TAMS 0x0000000083600000, 0x0000000083500000| Untracked 
|  54|0x0000000083600000, 0x0000000083700000, 0x0000000083700000|100%| O|  |TAMS 0x0000000083700000, 0x0000000083600000| Untracked 
|  55|0x0000000083700000, 0x0000000083800000, 0x0000000083800000|100%| O|  |TAMS 0x0000000083800000, 0x0000000083700000| Untracked 
|  56|0x0000000083800000, 0x0000000083900000, 0x0000000083900000|100%| O|  |TAMS 0x0000000083900000, 0x0000000083800000| Untracked 
|  57|0x0000000083900000, 0x0000000083a00000, 0x0000000083a00000|100%| O|  |TAMS 0x0000000083a00000, 0x0000000083900000| Untracked 
|  58|0x0000000083a00000, 0x0000000083b00000, 0x0000000083b00000|100%| O|  |TAMS 0x0000000083b00000, 0x0000000083a00000| Untracked 
|  59|0x0000000083b00000, 0x0000000083c00000, 0x0000000083c00000|100%| O|  |TAMS 0x0000000083c00000, 0x0000000083b00000| Untracked 
|  60|0x0000000083c00000, 0x0000000083d00000, 0x0000000083d00000|100%| O|  |TAMS 0x0000000083d00000, 0x0000000083c00000| Untracked 
|  61|0x0000000083d00000, 0x0000000083e00000, 0x0000000083e00000|100%| O|  |TAMS 0x0000000083e00000, 0x0000000083d00000| Untracked 
|  62|0x0000000083e00000, 0x0000000083f00000, 0x0000000083f00000|100%| O|  |TAMS 0x0000000083f00000, 0x0000000083e00000| Untracked 
|  63|0x0000000083f00000, 0x0000000084000000, 0x0000000084000000|100%| O|  |TAMS 0x0000000084000000, 0x0000000083f00000| Untracked 
|  64|0x0000000084000000, 0x0000000084100000, 0x0000000084100000|100%| O|  |TAMS 0x0000000084100000, 0x0000000084000000| Untracked 
|  65|0x0000000084100000, 0x0000000084200000, 0x0000000084200000|100%| O|  |TAMS 0x0000000084200000, 0x0000000084100000| Untracked 
|  66|0x0000000084200000, 0x0000000084300000, 0x0000000084300000|100%| O|  |TAMS 0x0000000084300000, 0x0000000084200000| Untracked 
|  67|0x0000000084300000, 0x0000000084400000, 0x0000000084400000|100%| O|  |TAMS 0x0000000084400000, 0x0000000084300000| Untracked 
|  68|0x0000000084400000, 0x0000000084500000, 0x0000000084500000|100%| O|  |TAMS 0x0000000084500000, 0x0000000084400000| Untracked 
|  69|0x0000000084500000, 0x0000000084600000, 0x0000000084600000|100%| O|  |TAMS 0x0000000084600000, 0x0000000084500000| Untracked 
|  70|0x0000000084600000, 0x0000000084700000, 0x0000000084700000|100%| O|  |TAMS 0x0000000084700000, 0x0000000084600000| Untracked 
|  71|0x0000000084700000, 0x0000000084800000, 0x0000000084800000|100%| O|  |TAMS 0x0000000084800000, 0x0000000084700000| Untracked 
|  72|0x0000000084800000, 0x0000000084900000, 0x0000000084900000|100%| O|  |TAMS 0x0000000084900000, 0x0000000084800000| Untracked 
|  73|0x0000000084900000, 0x0000000084a00000, 0x0000000084a00000|100%| O|  |TAMS 0x0000000084a00000, 0x0000000084900000| Untracked 
|  74|0x0000000084a00000, 0x0000000084b00000, 0x0000000084b00000|100%| O|  |TAMS 0x0000000084b00000, 0x0000000084a00000| Untracked 
|  75|0x0000000084b00000, 0x0000000084c00000, 0x0000000084c00000|100%| O|  |TAMS 0x0000000084c00000, 0x0000000084b00000| Untracked 
|  76|0x0000000084c00000, 0x0000000084d00000, 0x0000000084d00000|100%| O|  |TAMS 0x0000000084d00000, 0x0000000084c00000| Untracked 
|  77|0x0000000084d00000, 0x0000000084e00000, 0x0000000084e00000|100%| O|  |TAMS 0x0000000084e00000, 0x0000000084d00000| Untracked 
|  78|0x0000000084e00000, 0x0000000084f00000, 0x0000000084f00000|100%| O|  |TAMS 0x0000000084f00000, 0x0000000084e00000| Untracked 
|  79|0x0000000084f00000, 0x0000000085000000, 0x0000000085000000|100%| O|  |TAMS 0x0000000085000000, 0x0000000084f00000| Untracked 
|  80|0x0000000085000000, 0x0000000085100000, 0x0000000085100000|100%| O|  |TAMS 0x0000000085100000, 0x0000000085000000| Untracked 
|  81|0x0000000085100000, 0x0000000085200000, 0x0000000085200000|100%| O|  |TAMS 0x0000000085200000, 0x0000000085100000| Untracked 
|  82|0x0000000085200000, 0x0000000085300000, 0x0000000085300000|100%| O|  |TAMS 0x0000000085300000, 0x0000000085200000| Untracked 
|  83|0x0000000085300000, 0x0000000085400000, 0x0000000085400000|100%| O|  |TAMS 0x0000000085400000, 0x0000000085300000| Untracked 
|  84|0x0000000085400000, 0x0000000085500000, 0x0000000085500000|100%| O|  |TAMS 0x0000000085500000, 0x0000000085400000| Untracked 
|  85|0x0000000085500000, 0x0000000085600000, 0x0000000085600000|100%| O|  |TAMS 0x0000000085600000, 0x0000000085500000| Untracked 
|  86|0x0000000085600000, 0x0000000085700000, 0x0000000085700000|100%| O|  |TAMS 0x0000000085700000, 0x0000000085600000| Untracked 
|  87|0x0000000085700000, 0x0000000085800000, 0x0000000085800000|100%| O|  |TAMS 0x0000000085800000, 0x0000000085700000| Untracked 
|  88|0x0000000085800000, 0x0000000085900000, 0x0000000085900000|100%| O|  |TAMS 0x0000000085900000, 0x0000000085800000| Untracked 
|  89|0x0000000085900000, 0x0000000085a00000, 0x0000000085a00000|100%| O|  |TAMS 0x0000000085a00000, 0x0000000085900000| Untracked 
|  90|0x0000000085a00000, 0x0000000085b00000, 0x0000000085b00000|100%| O|  |TAMS 0x0000000085b00000, 0x0000000085a00000| Untracked 
|  91|0x0000000085b00000, 0x0000000085c00000, 0x0000000085c00000|100%| O|  |TAMS 0x0000000085c00000, 0x0000000085b00000| Untracked 
|  92|0x0000000085c00000, 0x0000000085d00000, 0x0000000085d00000|100%| O|  |TAMS 0x0000000085d00000, 0x0000000085c00000| Untracked 
|  93|0x0000000085d00000, 0x0000000085e00000, 0x0000000085e00000|100%| O|  |TAMS 0x0000000085e00000, 0x0000000085d00000| Untracked 
|  94|0x0000000085e00000, 0x0000000085f00000, 0x0000000085f00000|100%| O|  |TAMS 0x0000000085f00000, 0x0000000085e00000| Untracked 
|  95|0x0000000085f00000, 0x0000000086000000, 0x0000000086000000|100%| O|  |TAMS 0x0000000086000000, 0x0000000085f00000| Untracked 
|  96|0x0000000086000000, 0x0000000086100000, 0x0000000086100000|100%| O|  |TAMS 0x0000000086100000, 0x0000000086000000| Untracked 
|  97|0x0000000086100000, 0x0000000086200000, 0x0000000086200000|100%| O|  |TAMS 0x0000000086200000, 0x0000000086100000| Untracked 
|  98|0x0000000086200000, 0x0000000086300000, 0x0000000086300000|100%| O|  |TAMS 0x0000000086300000, 0x0000000086200000| Untracked 
|  99|0x0000000086300000, 0x0000000086400000, 0x0000000086400000|100%| O|  |TAMS 0x0000000086400000, 0x0000000086300000| Untracked 
| 100|0x0000000086400000, 0x0000000086500000, 0x0000000086500000|100%| O|  |TAMS 0x0000000086500000, 0x0000000086400000| Untracked 
| 101|0x0000000086500000, 0x0000000086600000, 0x0000000086600000|100%|HS|  |TAMS 0x0000000086600000, 0x0000000086500000| Complete 
| 102|0x0000000086600000, 0x0000000086700000, 0x0000000086700000|100%|HC|  |TAMS 0x0000000086700000, 0x0000000086600000| Complete 
| 103|0x0000000086700000, 0x0000000086800000, 0x0000000086800000|100%| O|  |TAMS 0x0000000086800000, 0x0000000086700000| Untracked 
| 104|0x0000000086800000, 0x00000000868c6800, 0x0000000086900000| 77%| O|  |TAMS 0x00000000868c6800, 0x0000000086800000| Untracked 
| 105|0x0000000086900000, 0x0000000086a00000, 0x0000000086a00000|100%|HS|  |TAMS 0x0000000086900000, 0x0000000086900000| Complete 
| 106|0x0000000086a00000, 0x0000000086b00000, 0x0000000086b00000|100%|HS|  |TAMS 0x0000000086a00000, 0x0000000086a00000| Complete 
| 107|0x0000000086b00000, 0x0000000086b00000, 0x0000000086c00000|  0%| F|  |TAMS 0x0000000086b00000, 0x0000000086b00000| Untracked 
| 108|0x0000000086c00000, 0x0000000086c00000, 0x0000000086d00000|  0%| F|  |TAMS 0x0000000086c00000, 0x0000000086c00000| Untracked 
| 109|0x0000000086d00000, 0x0000000086d00000, 0x0000000086e00000|  0%| F|  |TAMS 0x0000000086d00000, 0x0000000086d00000| Untracked 
| 110|0x0000000086e00000, 0x0000000086e00000, 0x0000000086f00000|  0%| F|  |TAMS 0x0000000086e00000, 0x0000000086e00000| Untracked 
| 111|0x0000000086f00000, 0x0000000086f00000, 0x0000000087000000|  0%| F|  |TAMS 0x0000000086f00000, 0x0000000086f00000| Untracked 
| 112|0x0000000087000000, 0x0000000087000000, 0x0000000087100000|  0%| F|  |TAMS 0x0000000087000000, 0x0000000087000000| Untracked 
| 113|0x0000000087100000, 0x0000000087100000, 0x0000000087200000|  0%| F|  |TAMS 0x0000000087100000, 0x0000000087100000| Untracked 
| 114|0x0000000087200000, 0x0000000087200000, 0x0000000087300000|  0%| F|  |TAMS 0x0000000087200000, 0x0000000087200000| Untracked 
| 115|0x0000000087300000, 0x0000000087300000, 0x0000000087400000|  0%| F|  |TAMS 0x0000000087300000, 0x0000000087300000| Untracked 
| 116|0x0000000087400000, 0x0000000087400000, 0x0000000087500000|  0%| F|  |TAMS 0x0000000087400000, 0x0000000087400000| Untracked 
| 117|0x0000000087500000, 0x0000000087500000, 0x0000000087600000|  0%| F|  |TAMS 0x0000000087500000, 0x0000000087500000| Untracked 
| 118|0x0000000087600000, 0x0000000087600000, 0x0000000087700000|  0%| F|  |TAMS 0x0000000087600000, 0x0000000087600000| Untracked 
| 119|0x0000000087700000, 0x0000000087700000, 0x0000000087800000|  0%| F|  |TAMS 0x0000000087700000, 0x0000000087700000| Untracked 
| 120|0x0000000087800000, 0x0000000087800000, 0x0000000087900000|  0%| F|  |TAMS 0x0000000087800000, 0x0000000087800000| Untracked 
| 121|0x0000000087900000, 0x0000000087900000, 0x0000000087a00000|  0%| F|  |TAMS 0x0000000087900000, 0x0000000087900000| Untracked 
| 122|0x0000000087a00000, 0x0000000087a00000, 0x0000000087b00000|  0%| F|  |TAMS 0x0000000087a00000, 0x0000000087a00000| Untracked 
| 123|0x0000000087b00000, 0x0000000087b00000, 0x0000000087c00000|  0%| F|  |TAMS 0x0000000087b00000, 0x0000000087b00000| Untracked 
| 124|0x0000000087c00000, 0x0000000087c00000, 0x0000000087d00000|  0%| F|  |TAMS 0x0000000087c00000, 0x0000000087c00000| Untracked 
| 125|0x0000000087d00000, 0x0000000087d00000, 0x0000000087e00000|  0%| F|  |TAMS 0x0000000087d00000, 0x0000000087d00000| Untracked 
| 126|0x0000000087e00000, 0x0000000087e00000, 0x0000000087f00000|  0%| F|  |TAMS 0x0000000087e00000, 0x0000000087e00000| Untracked 
| 127|0x0000000087f00000, 0x0000000087f00000, 0x0000000088000000|  0%| F|  |TAMS 0x0000000087f00000, 0x0000000087f00000| Untracked 
| 128|0x0000000088000000, 0x0000000088000000, 0x0000000088100000|  0%| F|  |TAMS 0x0000000088000000, 0x0000000088000000| Untracked 
| 129|0x0000000088100000, 0x0000000088100000, 0x0000000088200000|  0%| F|  |TAMS 0x0000000088100000, 0x0000000088100000| Untracked 
| 130|0x0000000088200000, 0x0000000088200000, 0x0000000088300000|  0%| F|  |TAMS 0x0000000088200000, 0x0000000088200000| Untracked 
| 131|0x0000000088300000, 0x0000000088300000, 0x0000000088400000|  0%| F|  |TAMS 0x0000000088300000, 0x0000000088300000| Untracked 
| 132|0x0000000088400000, 0x0000000088400000, 0x0000000088500000|  0%| F|  |TAMS 0x0000000088400000, 0x0000000088400000| Untracked 
| 133|0x0000000088500000, 0x0000000088500000, 0x0000000088600000|  0%| F|  |TAMS 0x0000000088500000, 0x0000000088500000| Untracked 
| 134|0x0000000088600000, 0x0000000088600000, 0x0000000088700000|  0%| F|  |TAMS 0x0000000088600000, 0x0000000088600000| Untracked 
| 135|0x0000000088700000, 0x0000000088700000, 0x0000000088800000|  0%| F|  |TAMS 0x0000000088700000, 0x0000000088700000| Untracked 
| 136|0x0000000088800000, 0x0000000088800000, 0x0000000088900000|  0%| F|  |TAMS 0x0000000088800000, 0x0000000088800000| Untracked 
| 137|0x0000000088900000, 0x0000000088900000, 0x0000000088a00000|  0%| F|  |TAMS 0x0000000088900000, 0x0000000088900000| Untracked 
| 138|0x0000000088a00000, 0x0000000088abd060, 0x0000000088b00000| 73%| S|CS|TAMS 0x0000000088a00000, 0x0000000088a00000| Complete 
| 139|0x0000000088b00000, 0x0000000088c00000, 0x0000000088c00000|100%| S|CS|TAMS 0x0000000088b00000, 0x0000000088b00000| Complete 
| 140|0x0000000088c00000, 0x0000000088d00000, 0x0000000088d00000|100%| S|CS|TAMS 0x0000000088c00000, 0x0000000088c00000| Complete 
| 141|0x0000000088d00000, 0x0000000088e00000, 0x0000000088e00000|100%| S|CS|TAMS 0x0000000088d00000, 0x0000000088d00000| Complete 
| 142|0x0000000088e00000, 0x0000000088f00000, 0x0000000088f00000|100%| S|CS|TAMS 0x0000000088e00000, 0x0000000088e00000| Complete 
| 143|0x0000000088f00000, 0x0000000088f00000, 0x0000000089000000|  0%| F|  |TAMS 0x0000000088f00000, 0x0000000088f00000| Untracked 
| 144|0x0000000089000000, 0x0000000089000000, 0x0000000089100000|  0%| F|  |TAMS 0x0000000089000000, 0x0000000089000000| Untracked 
| 145|0x0000000089100000, 0x0000000089100000, 0x0000000089200000|  0%| F|  |TAMS 0x0000000089100000, 0x0000000089100000| Untracked 
| 146|0x0000000089200000, 0x0000000089200000, 0x0000000089300000|  0%| F|  |TAMS 0x0000000089200000, 0x0000000089200000| Untracked 
| 147|0x0000000089300000, 0x0000000089300000, 0x0000000089400000|  0%| F|  |TAMS 0x0000000089300000, 0x0000000089300000| Untracked 
| 148|0x0000000089400000, 0x0000000089400000, 0x0000000089500000|  0%| F|  |TAMS 0x0000000089400000, 0x0000000089400000| Untracked 
| 149|0x0000000089500000, 0x0000000089500000, 0x0000000089600000|  0%| F|  |TAMS 0x0000000089500000, 0x0000000089500000| Untracked 
| 150|0x0000000089600000, 0x0000000089600000, 0x0000000089700000|  0%| F|  |TAMS 0x0000000089600000, 0x0000000089600000| Untracked 
| 151|0x0000000089700000, 0x0000000089700000, 0x0000000089800000|  0%| F|  |TAMS 0x0000000089700000, 0x0000000089700000| Untracked 
| 152|0x0000000089800000, 0x0000000089800000, 0x0000000089900000|  0%| F|  |TAMS 0x0000000089800000, 0x0000000089800000| Untracked 
| 153|0x0000000089900000, 0x0000000089900000, 0x0000000089a00000|  0%| F|  |TAMS 0x0000000089900000, 0x0000000089900000| Untracked 
| 154|0x0000000089a00000, 0x0000000089a00000, 0x0000000089b00000|  0%| F|  |TAMS 0x0000000089a00000, 0x0000000089a00000| Untracked 
| 155|0x0000000089b00000, 0x0000000089b00000, 0x0000000089c00000|  0%| F|  |TAMS 0x0000000089b00000, 0x0000000089b00000| Untracked 
| 156|0x0000000089c00000, 0x0000000089c00000, 0x0000000089d00000|  0%| F|  |TAMS 0x0000000089c00000, 0x0000000089c00000| Untracked 
| 157|0x0000000089d00000, 0x0000000089d00000, 0x0000000089e00000|  0%| F|  |TAMS 0x0000000089d00000, 0x0000000089d00000| Untracked 
| 158|0x0000000089e00000, 0x0000000089e00000, 0x0000000089f00000|  0%| F|  |TAMS 0x0000000089e00000, 0x0000000089e00000| Untracked 
| 159|0x0000000089f00000, 0x0000000089f00000, 0x000000008a000000|  0%| F|  |TAMS 0x0000000089f00000, 0x0000000089f00000| Untracked 
| 160|0x000000008a000000, 0x000000008a000000, 0x000000008a100000|  0%| F|  |TAMS 0x000000008a000000, 0x000000008a000000| Untracked 
| 161|0x000000008a100000, 0x000000008a100000, 0x000000008a200000|  0%| F|  |TAMS 0x000000008a100000, 0x000000008a100000| Untracked 
| 162|0x000000008a200000, 0x000000008a200000, 0x000000008a300000|  0%| F|  |TAMS 0x000000008a200000, 0x000000008a200000| Untracked 
| 163|0x000000008a300000, 0x000000008a300000, 0x000000008a400000|  0%| F|  |TAMS 0x000000008a300000, 0x000000008a300000| Untracked 
| 164|0x000000008a400000, 0x000000008a400000, 0x000000008a500000|  0%| F|  |TAMS 0x000000008a400000, 0x000000008a400000| Untracked 
| 165|0x000000008a500000, 0x000000008a500000, 0x000000008a600000|  0%| F|  |TAMS 0x000000008a500000, 0x000000008a500000| Untracked 
| 166|0x000000008a600000, 0x000000008a600000, 0x000000008a700000|  0%| F|  |TAMS 0x000000008a600000, 0x000000008a600000| Untracked 
| 167|0x000000008a700000, 0x000000008a700000, 0x000000008a800000|  0%| F|  |TAMS 0x000000008a700000, 0x000000008a700000| Untracked 
| 168|0x000000008a800000, 0x000000008a800000, 0x000000008a900000|  0%| F|  |TAMS 0x000000008a800000, 0x000000008a800000| Untracked 
| 169|0x000000008a900000, 0x000000008a900000, 0x000000008aa00000|  0%| F|  |TAMS 0x000000008a900000, 0x000000008a900000| Untracked 
| 170|0x000000008aa00000, 0x000000008aa00000, 0x000000008ab00000|  0%| F|  |TAMS 0x000000008aa00000, 0x000000008aa00000| Untracked 
| 171|0x000000008ab00000, 0x000000008ab00000, 0x000000008ac00000|  0%| F|  |TAMS 0x000000008ab00000, 0x000000008ab00000| Untracked 
| 172|0x000000008ac00000, 0x000000008ac00000, 0x000000008ad00000|  0%| F|  |TAMS 0x000000008ac00000, 0x000000008ac00000| Untracked 
| 173|0x000000008ad00000, 0x000000008ad00000, 0x000000008ae00000|  0%| F|  |TAMS 0x000000008ad00000, 0x000000008ad00000| Untracked 
| 174|0x000000008ae00000, 0x000000008ae00000, 0x000000008af00000|  0%| F|  |TAMS 0x000000008ae00000, 0x000000008ae00000| Untracked 
| 175|0x000000008af00000, 0x000000008af00000, 0x000000008b000000|  0%| F|  |TAMS 0x000000008af00000, 0x000000008af00000| Untracked 
| 176|0x000000008b000000, 0x000000008b000000, 0x000000008b100000|  0%| F|  |TAMS 0x000000008b000000, 0x000000008b000000| Untracked 
| 177|0x000000008b100000, 0x000000008b100000, 0x000000008b200000|  0%| F|  |TAMS 0x000000008b100000, 0x000000008b100000| Untracked 
| 178|0x000000008b200000, 0x000000008b200000, 0x000000008b300000|  0%| F|  |TAMS 0x000000008b200000, 0x000000008b200000| Untracked 
| 179|0x000000008b300000, 0x000000008b300000, 0x000000008b400000|  0%| F|  |TAMS 0x000000008b300000, 0x000000008b300000| Untracked 
| 180|0x000000008b400000, 0x000000008b400000, 0x000000008b500000|  0%| F|  |TAMS 0x000000008b400000, 0x000000008b400000| Untracked 
| 181|0x000000008b500000, 0x000000008b500000, 0x000000008b600000|  0%| F|  |TAMS 0x000000008b500000, 0x000000008b500000| Untracked 
| 182|0x000000008b600000, 0x000000008b600000, 0x000000008b700000|  0%| F|  |TAMS 0x000000008b600000, 0x000000008b600000| Untracked 
| 183|0x000000008b700000, 0x000000008b700000, 0x000000008b800000|  0%| F|  |TAMS 0x000000008b700000, 0x000000008b700000| Untracked 
| 184|0x000000008b800000, 0x000000008b800000, 0x000000008b900000|  0%| F|  |TAMS 0x000000008b800000, 0x000000008b800000| Untracked 
| 185|0x000000008b900000, 0x000000008b9b6140, 0x000000008ba00000| 71%| E|  |TAMS 0x000000008b900000, 0x000000008b900000| Complete 
| 186|0x000000008ba00000, 0x000000008bb00000, 0x000000008bb00000|100%| E|CS|TAMS 0x000000008ba00000, 0x000000008ba00000| Complete 
| 187|0x000000008bb00000, 0x000000008bbffea8, 0x000000008bc00000| 99%| E|  |TAMS 0x000000008bb00000, 0x000000008bb00000| Complete 
| 188|0x000000008bc00000, 0x000000008bd00000, 0x000000008bd00000|100%| E|CS|TAMS 0x000000008bc00000, 0x000000008bc00000| Complete 
| 189|0x000000008bd00000, 0x000000008be00000, 0x000000008be00000|100%| E|CS|TAMS 0x000000008bd00000, 0x000000008bd00000| Complete 
| 190|0x000000008be00000, 0x000000008bf00000, 0x000000008bf00000|100%| E|CS|TAMS 0x000000008be00000, 0x000000008be00000| Complete 
| 191|0x000000008bf00000, 0x000000008c000000, 0x000000008c000000|100%| E|CS|TAMS 0x000000008bf00000, 0x000000008bf00000| Complete 
| 192|0x000000008c000000, 0x000000008c100000, 0x000000008c100000|100%| E|CS|TAMS 0x000000008c000000, 0x000000008c000000| Complete 
| 193|0x000000008c100000, 0x000000008c200000, 0x000000008c200000|100%| E|CS|TAMS 0x000000008c100000, 0x000000008c100000| Complete 
| 194|0x000000008c200000, 0x000000008c300000, 0x000000008c300000|100%| E|CS|TAMS 0x000000008c200000, 0x000000008c200000| Complete 
| 195|0x000000008c300000, 0x000000008c400000, 0x000000008c400000|100%| E|CS|TAMS 0x000000008c300000, 0x000000008c300000| Complete 
| 196|0x000000008c400000, 0x000000008c500000, 0x000000008c500000|100%| E|CS|TAMS 0x000000008c400000, 0x000000008c400000| Complete 
| 197|0x000000008c500000, 0x000000008c600000, 0x000000008c600000|100%| E|CS|TAMS 0x000000008c500000, 0x000000008c500000| Complete 
| 198|0x000000008c600000, 0x000000008c700000, 0x000000008c700000|100%| E|CS|TAMS 0x000000008c600000, 0x000000008c600000| Complete 
| 199|0x000000008c700000, 0x000000008c800000, 0x000000008c800000|100%| E|CS|TAMS 0x000000008c700000, 0x000000008c700000| Complete 
| 200|0x000000008c800000, 0x000000008c900000, 0x000000008c900000|100%| E|CS|TAMS 0x000000008c800000, 0x000000008c800000| Complete 
| 201|0x000000008c900000, 0x000000008ca00000, 0x000000008ca00000|100%| E|CS|TAMS 0x000000008c900000, 0x000000008c900000| Complete 

Card table byte_map: [0x0000026e321c0000,0x0000026e325c0000] _byte_map_base: 0x0000026e31dc0000

Marking Bits (Prev, Next): (CMBitMap*) 0x0000026e1e85f3f8, (CMBitMap*) 0x0000026e1e85f430
 Prev Bits: [0x0000026e329c0000, 0x0000026e349c0000)
 Next Bits: [0x0000026e349c0000, 0x0000026e369c0000)

Polling page: 0x0000026e22320000

Metaspace:

Usage:
  Non-class:     96.22 MB capacity,    94.54 MB ( 98%) used,     1.36 MB (  1%) free+waste,   323.56 KB ( <1%) overhead. 
      Class:     14.76 MB capacity,    13.76 MB ( 93%) used,   884.18 KB (  6%) free+waste,   144.25 KB ( <1%) overhead. 
       Both:    110.98 MB capacity,   108.29 MB ( 98%) used,     2.23 MB (  2%) free+waste,   467.81 KB ( <1%) overhead. 

Virtual space:
  Non-class space:       98.00 MB reserved,      96.25 MB ( 98%) committed 
      Class space:        1.00 GB reserved,      14.82 MB (  1%) committed 
             Both:        1.10 GB reserved,     111.07 MB ( 10%) committed 

Chunk freelists:
   Non-Class:  35.00 KB
       Class:  20.00 KB
        Both:  55.00 KB

MaxMetaspaceSize: 17179869184.00 GB
CompressedClassSpaceSize: 1.00 GB

CodeHeap 'non-profiled nmethods': size=120000Kb used=7718Kb max_used=7718Kb free=112281Kb
 bounds [0x0000026e29e10000, 0x0000026e2a5a0000, 0x0000026e31340000]
CodeHeap 'profiled nmethods': size=120000Kb used=31395Kb max_used=31395Kb free=88604Kb
 bounds [0x0000026e228e0000, 0x0000026e24790000, 0x0000026e29e10000]
CodeHeap 'non-nmethods': size=5760Kb used=2354Kb max_used=2385Kb free=3405Kb
 bounds [0x0000026e22340000, 0x0000026e225b0000, 0x0000026e228e0000]
 total_blobs=15428 nmethods=14445 adapters=894
 compilation: enabled
              stopped_count=0, restarted_count=0
 full_count=0

Compilation events (20 events):
Event: 91.616 Thread 0x0000026e394cb000 14736       3       com.android.builder.dexing.ClassBucket::getBucketNumber (126 bytes)
Event: 91.618 Thread 0x0000026e394cb000 nmethod 14736 0x0000026e24769010 code [0x0000026e24769300, 0x0000026e24769eb8]
Event: 91.618 Thread 0x0000026e394cb000 14730       3       com.android.builder.dexing.ClassFileInput::lambda$static$0 (64 bytes)
Event: 91.619 Thread 0x0000026e394cb000 nmethod 14730 0x0000026e2476a410 code [0x0000026e2476a6e0, 0x0000026e2476b2d8]
Event: 91.619 Thread 0x0000026e394cb000 14737   !   3       java.io.ObjectStreamClass::lookup (334 bytes)
Event: 91.624 Thread 0x0000026e394cb000 nmethod 14737 0x0000026e2476b710 code [0x0000026e2476bc60, 0x0000026e2476f068]
Event: 91.624 Thread 0x0000026e394cb000 14738       3       com.android.builder.dexing.ClassBucket$getClassFiles$1::test (13 bytes)
Event: 91.625 Thread 0x0000026e394cb000 nmethod 14738 0x0000026e2476fe10 code [0x0000026e2476ffe0, 0x0000026e24770308]
Event: 91.625 Thread 0x0000026e394cb000 14733       3       com.android.builder.dexing.ClassFileInput$$Lambda$1408/0x0000000100e8dc40::test (8 bytes)
Event: 91.625 Thread 0x0000026e394cb000 nmethod 14733 0x0000026e24770410 code [0x0000026e247705e0, 0x0000026e247707e8]
Event: 91.633 Thread 0x0000026e394cb000 14739       3       com.android.build.gradle.internal.dexing.DexWorkActionKt$processIncrementally$1$filter$1::invoke (16 bytes)
Event: 91.634 Thread 0x0000026e394cb000 nmethod 14739 0x0000026e24770890 code [0x0000026e24770a60, 0x0000026e24770e28]
Event: 91.634 Thread 0x0000026e394cb000 14740       3       com.android.build.gradle.internal.dexing.DexWorkActionKt$processIncrementally$1$filter$1::invoke (48 bytes)
Event: 91.636 Thread 0x0000026e394cb000 nmethod 14740 0x0000026e24770f10 code [0x0000026e24771300, 0x0000026e24772998]
Event: 91.638 Thread 0x0000026e394cb000 14741       3       java.io.SerialCallbackContext::<init> (22 bytes)
Event: 91.638 Thread 0x0000026e394cb000 nmethod 14741 0x0000026e24773190 code [0x0000026e24773360, 0x0000026e247735f8]
Event: 91.638 Thread 0x0000026e394cb000 14742       3       java.io.SerialCallbackContext::setUsed (6 bytes)
Event: 91.638 Thread 0x0000026e394cb000 nmethod 14742 0x0000026e24773690 code [0x0000026e24773840, 0x0000026e24773958]
Event: 91.747 Thread 0x0000026e394cb000 14743       3       sun.nio.fs.WindowsPath::getName (47 bytes)
Event: 91.748 Thread 0x0000026e394cb000 nmethod 14743 0x0000026e24773a10 code [0x0000026e24773c20, 0x0000026e24774228]

GC Heap History (20 events):
Event: 23.375 GC heap before
{Heap before GC invocations=36 (full 0):
 garbage-first heap   total 172032K, used 127640K [0x0000000080000000, 0x0000000100000000)
  region size 1024K, 49 young (50176K), 5 survivors (5120K)
 Metaspace       used 89148K, capacity 91399K, committed 91724K, reserved 1128448K
  class space    used 11416K, capacity 12271K, committed 12364K, reserved 1048576K
}
Event: 23.389 GC heap after
{Heap after GC invocations=37 (full 0):
 garbage-first heap   total 172032K, used 87366K [0x0000000080000000, 0x0000000100000000)
  region size 1024K, 7 young (7168K), 7 survivors (7168K)
 Metaspace       used 89148K, capacity 91399K, committed 91724K, reserved 1128448K
  class space    used 11416K, capacity 12271K, committed 12364K, reserved 1048576K
}
Event: 24.371 GC heap before
{Heap before GC invocations=37 (full 0):
 garbage-first heap   total 172032K, used 130374K [0x0000000080000000, 0x0000000100000000)
  region size 1024K, 50 young (51200K), 7 survivors (7168K)
 Metaspace       used 90253K, capacity 92501K, committed 92620K, reserved 1130496K
  class space    used 11565K, capacity 12430K, committed 12492K, reserved 1048576K
}
Event: 24.390 GC heap after
{Heap after GC invocations=38 (full 0):
 garbage-first heap   total 172032K, used 90120K [0x0000000080000000, 0x0000000100000000)
  region size 1024K, 3 young (3072K), 3 survivors (3072K)
 Metaspace       used 90253K, capacity 92501K, committed 92620K, reserved 1130496K
  class space    used 11565K, capacity 12430K, committed 12492K, reserved 1048576K
}
Event: 24.945 GC heap before
{Heap before GC invocations=39 (full 0):
 garbage-first heap   total 172032K, used 134152K [0x0000000080000000, 0x0000000100000000)
  region size 1024K, 47 young (48128K), 3 survivors (3072K)
 Metaspace       used 91436K, capacity 93632K, committed 94156K, reserved 1130496K
  class space    used 11693K, capacity 12504K, committed 12748K, reserved 1048576K
}
Event: 24.954 GC heap after
{Heap after GC invocations=40 (full 0):
 garbage-first heap   total 172032K, used 91038K [0x0000000080000000, 0x0000000100000000)
  region size 1024K, 4 young (4096K), 4 survivors (4096K)
 Metaspace       used 91436K, capacity 93632K, committed 94156K, reserved 1130496K
  class space    used 11693K, capacity 12504K, committed 12748K, reserved 1048576K
}
Event: 25.994 GC heap before
{Heap before GC invocations=40 (full 0):
 garbage-first heap   total 172032K, used 135070K [0x0000000080000000, 0x0000000100000000)
  region size 1024K, 48 young (49152K), 4 survivors (4096K)
 Metaspace       used 93360K, capacity 95536K, committed 96076K, reserved 1132544K
  class space    used 11909K, capacity 12713K, committed 12876K, reserved 1048576K
}
Event: 26.047 GC heap after
{Heap after GC invocations=41 (full 0):
 garbage-first heap   total 172032K, used 94564K [0x0000000080000000, 0x0000000100000000)
  region size 1024K, 5 young (5120K), 5 survivors (5120K)
 Metaspace       used 93360K, capacity 95536K, committed 96076K, reserved 1132544K
  class space    used 11909K, capacity 12713K, committed 12876K, reserved 1048576K
}
Event: 31.877 GC heap before
{Heap before GC invocations=42 (full 0):
 garbage-first heap   total 172032K, used 137572K [0x0000000080000000, 0x0000000100000000)
  region size 1024K, 48 young (49152K), 5 survivors (5120K)
 Metaspace       used 94321K, capacity 96599K, committed 96972K, reserved 1132544K
  class space    used 12009K, capacity 12853K, committed 13004K, reserved 1048576K
}
Event: 31.895 GC heap after
{Heap after GC invocations=43 (full 0):
 garbage-first heap   total 172032K, used 100469K [0x0000000080000000, 0x0000000100000000)
  region size 1024K, 6 young (6144K), 6 survivors (6144K)
 Metaspace       used 94321K, capacity 96599K, committed 96972K, reserved 1132544K
  class space    used 12009K, capacity 12853K, committed 13004K, reserved 1048576K
}
Event: 32.581 GC heap before
{Heap before GC invocations=43 (full 0):
 garbage-first heap   total 172032K, used 139381K [0x0000000080000000, 0x0000000100000000)
  region size 1024K, 45 young (46080K), 6 survivors (6144K)
 Metaspace       used 96378K, capacity 98622K, committed 99020K, reserved 1134592K
  class space    used 12265K, capacity 13121K, committed 13260K, reserved 1048576K
}
Event: 32.595 GC heap after
{Heap after GC invocations=44 (full 0):
 garbage-first heap   total 172032K, used 100640K [0x0000000080000000, 0x0000000100000000)
  region size 1024K, 3 young (3072K), 3 survivors (3072K)
 Metaspace       used 96378K, capacity 98622K, committed 99020K, reserved 1134592K
  class space    used 12265K, capacity 13121K, committed 13260K, reserved 1048576K
}
Event: 76.961 GC heap before
{Heap before GC invocations=45 (full 0):
 garbage-first heap   total 172032K, used 140576K [0x0000000080000000, 0x0000000100000000)
  region size 1024K, 43 young (44032K), 3 survivors (3072K)
 Metaspace       used 99635K, capacity 102032K, committed 102348K, reserved 1138688K
  class space    used 12738K, capacity 13650K, committed 13772K, reserved 1048576K
}
Event: 77.064 GC heap after
{Heap after GC invocations=46 (full 0):
 garbage-first heap   total 172032K, used 102934K [0x0000000080000000, 0x0000000100000000)
  region size 1024K, 6 young (6144K), 6 survivors (6144K)
 Metaspace       used 99635K, capacity 102032K, committed 102348K, reserved 1138688K
  class space    used 12738K, capacity 13650K, committed 13772K, reserved 1048576K
}
Event: 80.869 GC heap before
{Heap before GC invocations=46 (full 0):
 garbage-first heap   total 172032K, used 140822K [0x0000000080000000, 0x0000000100000000)
  region size 1024K, 44 young (45056K), 6 survivors (6144K)
 Metaspace       used 100869K, capacity 103262K, committed 103372K, reserved 1138688K
  class space    used 12868K, capacity 13739K, committed 13772K, reserved 1048576K
}
Event: 80.917 GC heap after
{Heap after GC invocations=47 (full 0):
 garbage-first heap   total 206848K, used 105828K [0x0000000080000000, 0x0000000100000000)
  region size 1024K, 6 young (6144K), 6 survivors (6144K)
 Metaspace       used 100869K, capacity 103262K, committed 103372K, reserved 1138688K
  class space    used 12868K, capacity 13739K, committed 13772K, reserved 1048576K
}
Event: 84.897 GC heap before
{Heap before GC invocations=48 (full 0):
 garbage-first heap   total 206848K, used 148836K [0x0000000080000000, 0x0000000100000000)
  region size 1024K, 50 young (51200K), 6 survivors (6144K)
 Metaspace       used 107338K, capacity 109925K, committed 110156K, reserved 1144832K
  class space    used 13681K, capacity 14638K, committed 14668K, reserved 1048576K
}
Event: 84.941 GC heap after
{Heap after GC invocations=49 (full 0):
 garbage-first heap   total 206848K, used 109479K [0x0000000080000000, 0x0000000100000000)
  region size 1024K, 7 young (7168K), 7 survivors (7168K)
 Metaspace       used 107338K, capacity 109925K, committed 110156K, reserved 1144832K
  class space    used 13681K, capacity 14638K, committed 14668K, reserved 1048576K
}
Event: 91.075 GC heap before
{Heap before GC invocations=50 (full 0):
 garbage-first heap   total 206848K, used 162727K [0x0000000080000000, 0x0000000100000000)
  region size 1024K, 59 young (60416K), 7 survivors (7168K)
 Metaspace       used 109527K, capacity 112291K, committed 112460K, reserved 1148928K
  class space    used 13902K, capacity 14889K, committed 14924K, reserved 1048576K
}
Event: 91.105 GC heap after
{Heap after GC invocations=51 (full 0):
 garbage-first heap   total 206848K, used 112142K [0x0000000080000000, 0x0000000100000000)
  region size 1024K, 5 young (5120K), 5 survivors (5120K)
 Metaspace       used 109527K, capacity 112291K, committed 112460K, reserved 1148928K
  class space    used 13902K, capacity 14889K, committed 14924K, reserved 1048576K
}

Deoptimization events (20 events):
Event: 91.526 Thread 0x0000026e3eb2f800 Uncommon trap: trap_request=0xffffffd6 fr.pc=0x0000026e2a593ef0 relative=0x0000000000000d10
Event: 91.526 Thread 0x0000026e3eb2f800 Uncommon trap: reason=array_check action=maybe_recompile pc=0x0000026e2a593ef0 method=com.google.common.collect.RegularImmutableMap.fromEntryArray(I[Ljava/util/Map$Entry;)Lcom/google/common/collect/ImmutableMap; @ 157 c2
Event: 91.526 Thread 0x0000026e3eb2f800 DEOPT PACKING pc=0x0000026e2a593ef0 sp=0x000000e2f35f97b0
Event: 91.526 Thread 0x0000026e3eb2f800 DEOPT UNPACKING pc=0x0000026e2236662f sp=0x000000e2f35f9708 mode 2
Event: 91.746 Thread 0x0000026e422fa000 Uncommon trap: trap_request=0xffffffde fr.pc=0x0000026e2a548698 relative=0x0000000000000958
Event: 91.746 Thread 0x0000026e422fa000 Uncommon trap: reason=class_check action=maybe_recompile pc=0x0000026e2a548698 method=sun.nio.fs.WindowsPath.compareTo(Ljava/nio/file/Path;)I @ 18 c2
Event: 91.746 Thread 0x0000026e422fa000 DEOPT PACKING pc=0x0000026e2a548698 sp=0x000000e2f50fdba0
Event: 91.746 Thread 0x0000026e422fa000 DEOPT UNPACKING pc=0x0000026e2236662f sp=0x000000e2f50fdb10 mode 2
Event: 91.746 Thread 0x0000026e422fa000 Uncommon trap: trap_request=0xffffffde fr.pc=0x0000026e2a548698 relative=0x0000000000000958
Event: 91.746 Thread 0x0000026e422fa000 Uncommon trap: reason=class_check action=maybe_recompile pc=0x0000026e2a548698 method=sun.nio.fs.WindowsPath.compareTo(Ljava/nio/file/Path;)I @ 18 c2
Event: 91.746 Thread 0x0000026e422fa000 DEOPT PACKING pc=0x0000026e2a548698 sp=0x000000e2f50fdba0
Event: 91.746 Thread 0x0000026e422fa000 DEOPT UNPACKING pc=0x0000026e2236662f sp=0x000000e2f50fdb10 mode 2
Event: 91.747 Thread 0x0000026e422fa000 Uncommon trap: trap_request=0xffffffde fr.pc=0x0000026e2a548698 relative=0x0000000000000958
Event: 91.747 Thread 0x0000026e422fa000 Uncommon trap: reason=class_check action=maybe_recompile pc=0x0000026e2a548698 method=sun.nio.fs.WindowsPath.compareTo(Ljava/nio/file/Path;)I @ 18 c2
Event: 91.747 Thread 0x0000026e422fa000 DEOPT PACKING pc=0x0000026e2a548698 sp=0x000000e2f50fdba0
Event: 91.747 Thread 0x0000026e422fa000 DEOPT UNPACKING pc=0x0000026e2236662f sp=0x000000e2f50fdb10 mode 2
Event: 91.747 Thread 0x0000026e422fa000 Uncommon trap: trap_request=0xffffffde fr.pc=0x0000026e2a548698 relative=0x0000000000000958
Event: 91.747 Thread 0x0000026e422fa000 Uncommon trap: reason=class_check action=maybe_recompile pc=0x0000026e2a548698 method=sun.nio.fs.WindowsPath.compareTo(Ljava/nio/file/Path;)I @ 18 c2
Event: 91.747 Thread 0x0000026e422fa000 DEOPT PACKING pc=0x0000026e2a548698 sp=0x000000e2f50fdba0
Event: 91.747 Thread 0x0000026e422fa000 DEOPT UNPACKING pc=0x0000026e2236662f sp=0x000000e2f50fdb10 mode 2

Classes redefined (0 events):
No events

Internal exceptions (20 events):
Event: 88.984 Thread 0x0000026e3eb2f800 Exception <a 'sun/nio/fs/WindowsException'{0x000000008a843590}> (0x000000008a843590) thrown at [./src/hotspot/share/prims/jni.cpp, line 615]
Event: 88.986 Thread 0x0000026e3eb2f800 Exception <a 'sun/nio/fs/WindowsException'{0x000000008a843728}> (0x000000008a843728) thrown at [./src/hotspot/share/prims/jni.cpp, line 615]
Event: 89.047 Thread 0x0000026e3eb2f800 Exception <a 'sun/nio/fs/WindowsException'{0x000000008a87fb40}> (0x000000008a87fb40) thrown at [./src/hotspot/share/prims/jni.cpp, line 615]
Event: 89.047 Thread 0x0000026e3eb2f800 Exception <a 'sun/nio/fs/WindowsException'{0x000000008a87fcc8}> (0x000000008a87fcc8) thrown at [./src/hotspot/share/prims/jni.cpp, line 615]
Event: 89.049 Thread 0x0000026e3eb2f800 Exception <a 'sun/nio/fs/WindowsException'{0x000000008a882d10}> (0x000000008a882d10) thrown at [./src/hotspot/share/prims/jni.cpp, line 615]
Event: 89.050 Thread 0x0000026e3eb2f800 Exception <a 'sun/nio/fs/WindowsException'{0x000000008a882ea8}> (0x000000008a882ea8) thrown at [./src/hotspot/share/prims/jni.cpp, line 615]
Event: 89.060 Thread 0x0000026e3eb2f800 Exception <a 'sun/nio/fs/WindowsException'{0x000000008a8994b8}> (0x000000008a8994b8) thrown at [./src/hotspot/share/prims/jni.cpp, line 615]
Event: 89.061 Thread 0x0000026e3eb2f800 Exception <a 'sun/nio/fs/WindowsException'{0x000000008a899638}> (0x000000008a899638) thrown at [./src/hotspot/share/prims/jni.cpp, line 615]
Event: 89.063 Thread 0x0000026e3eb2f800 Exception <a 'sun/nio/fs/WindowsException'{0x000000008a89c670}> (0x000000008a89c670) thrown at [./src/hotspot/share/prims/jni.cpp, line 615]
Event: 89.065 Thread 0x0000026e3eb2f800 Exception <a 'sun/nio/fs/WindowsException'{0x000000008a89c800}> (0x000000008a89c800) thrown at [./src/hotspot/share/prims/jni.cpp, line 615]
Event: 89.116 Thread 0x0000026e3eb2f800 Exception <a 'sun/nio/fs/WindowsException'{0x000000008a8c2a08}> (0x000000008a8c2a08) thrown at [./src/hotspot/share/prims/jni.cpp, line 615]
Event: 89.117 Thread 0x0000026e3eb2f800 Exception <a 'sun/nio/fs/WindowsException'{0x000000008a8c2b88}> (0x000000008a8c2b88) thrown at [./src/hotspot/share/prims/jni.cpp, line 615]
Event: 89.120 Thread 0x0000026e3eb2f800 Exception <a 'sun/nio/fs/WindowsException'{0x000000008a8c5e68}> (0x000000008a8c5e68) thrown at [./src/hotspot/share/prims/jni.cpp, line 615]
Event: 89.120 Thread 0x0000026e3eb2f800 Exception <a 'sun/nio/fs/WindowsException'{0x000000008a8c5ff8}> (0x000000008a8c5ff8) thrown at [./src/hotspot/share/prims/jni.cpp, line 615]
Event: 89.284 Thread 0x0000026e3eb2f800 Exception <a 'sun/nio/fs/WindowsException'{0x000000008a7318e0}> (0x000000008a7318e0) thrown at [./src/hotspot/share/prims/jni.cpp, line 615]
Event: 89.323 Thread 0x0000026e3eb2f800 Exception <a 'sun/nio/fs/WindowsException'{0x000000008a7617b0}> (0x000000008a7617b0) thrown at [./src/hotspot/share/prims/jni.cpp, line 615]
Event: 89.389 Thread 0x0000026e3eb2f800 Exception <a 'sun/nio/fs/WindowsException'{0x000000008a7a3d88}> (0x000000008a7a3d88) thrown at [./src/hotspot/share/prims/jni.cpp, line 615]
Event: 90.295 Thread 0x0000026e3beed000 Exception <a 'java/lang/NoSuchMethodError'{0x000000008a3d0ab0}: <clinit>> (0x000000008a3d0ab0) thrown at [./src/hotspot/share/prims/jni.cpp, line 1362]
Event: 91.363 Thread 0x0000026e3eb2f800 Exception <a 'sun/nio/fs/WindowsException'{0x000000008c8bb920}> (0x000000008c8bb920) thrown at [./src/hotspot/share/prims/jni.cpp, line 615]
Event: 91.486 Thread 0x0000026e3eb2f800 Exception <a 'java/lang/NoSuchMethodError'{0x000000008c75b4d0}: <clinit>> (0x000000008c75b4d0) thrown at [./src/hotspot/share/prims/jni.cpp, line 1362]

Events (20 events):
Event: 91.745 loading class com/android/tools/r8/D8Command$Builder
Event: 91.745 loading class com/android/tools/r8/D8Command$Builder done
Event: 91.745 loading class com/android/builder/dexing/NoCacheJarClassFileEntry
Event: 91.745 loading class com/android/builder/dexing/NoCacheJarClassFileEntry done
Event: 91.746 loading class com/google/common/io/ByteStreams
Event: 91.746 loading class com/google/common/io/ByteStreams done
Event: 91.749 loading class com/android/tools/r8/D8Command$Builder
Event: 91.749 loading class com/android/tools/r8/D8Command$Builder done
Event: 91.749 loading class com/android/tools/r8/D8Command$Builder
Event: 91.749 loading class com/android/tools/r8/D8Command$Builder done
Event: 91.749 loading class com/android/builder/dexing/FileBasedClassFileEntry
Event: 91.749 loading class com/android/builder/dexing/FileBasedClassFileEntry done
Event: 91.752 loading class com/android/tools/r8/origin/Origin
Event: 91.752 loading class com/android/tools/r8/origin/Origin done
Event: 91.752 loading class com/android/tools/r8/BaseCommand$Builder
Event: 91.752 loading class com/android/tools/r8/BaseCommand$Builder done
Event: 91.752 loading class com/android/tools/r8/ProgramResource$Kind
Event: 91.752 loading class com/android/tools/r8/ProgramResource$Kind done
Event: 91.753 loading class com/android/tools/r8/ProgramResource$ByteResource
Event: 91.753 loading class com/android/tools/r8/ProgramResource$ByteResource done


Dynamic libraries:
0x00007ff6c7ae0000 - 0x00007ff6c7aea000 	C:\Program Files\Android\Android Studio\jre\bin\java.exe
0x00007ff935d10000 - 0x00007ff935f05000 	C:\WINDOWS\SYSTEM32\ntdll.dll
0x00007ff935340000 - 0x00007ff9353fe000 	C:\WINDOWS\System32\KERNEL32.DLL
0x00007ff9336d0000 - 0x00007ff933998000 	C:\WINDOWS\System32\KERNELBASE.dll
0x00007ff933420000 - 0x00007ff933520000 	C:\WINDOWS\System32\ucrtbase.dll
0x00007ff92df90000 - 0x00007ff92dfa9000 	C:\Program Files\Android\Android Studio\jre\bin\jli.dll
0x00007ff92df70000 - 0x00007ff92df87000 	C:\Program Files\Android\Android Studio\jre\bin\VCRUNTIME140.dll
0x00007ff934300000 - 0x00007ff9344a0000 	C:\WINDOWS\System32\USER32.dll
0x00007ff919790000 - 0x00007ff919a2a000 	C:\WINDOWS\WinSxS\amd64_microsoft.windows.common-controls_6595b64144ccf1df_6.0.19041.1110_none_60b5254171f9507e\COMCTL32.dll
0x00007ff933c40000 - 0x00007ff933c62000 	C:\WINDOWS\System32\win32u.dll
0x00007ff934cd0000 - 0x00007ff934cfb000 	C:\WINDOWS\System32\GDI32.dll
0x00007ff933d70000 - 0x00007ff933e0e000 	C:\WINDOWS\System32\msvcrt.dll
0x00007ff933b30000 - 0x00007ff933c3d000 	C:\WINDOWS\System32\gdi32full.dll
0x00007ff933cc0000 - 0x00007ff933d5d000 	C:\WINDOWS\System32\msvcp_win.dll
0x00007ff9344a0000 - 0x00007ff9344d0000 	C:\WINDOWS\System32\IMM32.DLL
0x00007ff90f110000 - 0x00007ff90f1ad000 	C:\Program Files\Android\Android Studio\jre\bin\msvcp140.dll
0x00007ff8f8940000 - 0x00007ff8f9415000 	C:\Program Files\Android\Android Studio\jre\bin\server\jvm.dll
0x00007ff935b50000 - 0x00007ff935bfe000 	C:\WINDOWS\System32\ADVAPI32.dll
0x00007ff934250000 - 0x00007ff9342ec000 	C:\WINDOWS\System32\sechost.dll
0x00007ff934d00000 - 0x00007ff934e25000 	C:\WINDOWS\System32\RPCRT4.dll
0x00007ff9342f0000 - 0x00007ff9342f8000 	C:\WINDOWS\System32\PSAPI.DLL
0x00007ff92abf0000 - 0x00007ff92ac17000 	C:\WINDOWS\SYSTEM32\WINMM.dll
0x00007ff92d360000 - 0x00007ff92d36a000 	C:\WINDOWS\SYSTEM32\VERSION.dll
0x00007ff930a50000 - 0x00007ff930a59000 	C:\WINDOWS\SYSTEM32\WSOCK32.dll
0x00007ff935660000 - 0x00007ff9356cb000 	C:\WINDOWS\System32\WS2_32.dll
0x00007ff9312d0000 - 0x00007ff9312e2000 	C:\WINDOWS\SYSTEM32\kernel.appcore.dll
0x00007ff92cb40000 - 0x00007ff92cb51000 	C:\Program Files\Android\Android Studio\jre\bin\verify.dll
0x00007ff920fc0000 - 0x00007ff9211a4000 	C:\WINDOWS\SYSTEM32\DBGHELP.DLL
0x00007ff920c90000 - 0x00007ff920cbc000 	C:\WINDOWS\SYSTEM32\dbgcore.DLL
0x00007ff933590000 - 0x00007ff933612000 	C:\WINDOWS\System32\bcryptPrimitives.dll
0x00007ff92a080000 - 0x00007ff92a0a9000 	C:\Program Files\Android\Android Studio\jre\bin\java.dll
0x00007ff930870000 - 0x00007ff93087b000 	C:\Program Files\Android\Android Studio\jre\bin\jimage.dll
0x00007ff929fa0000 - 0x00007ff929fb8000 	C:\Program Files\Android\Android Studio\jre\bin\zip.dll
0x00007ff9344d0000 - 0x00007ff934c14000 	C:\WINDOWS\System32\SHELL32.dll
0x00007ff9314d0000 - 0x00007ff931c64000 	C:\WINDOWS\SYSTEM32\windows.storage.dll
0x00007ff933e10000 - 0x00007ff934165000 	C:\WINDOWS\System32\combase.dll
0x00007ff932da0000 - 0x00007ff932dce000 	C:\WINDOWS\SYSTEM32\Wldp.dll
0x00007ff935c20000 - 0x00007ff935ccd000 	C:\WINDOWS\System32\SHCORE.dll
0x00007ff9358e0000 - 0x00007ff935935000 	C:\WINDOWS\System32\shlwapi.dll
0x00007ff933360000 - 0x00007ff93337f000 	C:\WINDOWS\SYSTEM32\profapi.dll
0x00007ff929f80000 - 0x00007ff929f9a000 	C:\Program Files\Android\Android Studio\jre\bin\net.dll
0x00007ff9222e0000 - 0x00007ff9223ec000 	C:\WINDOWS\SYSTEM32\WINHTTP.dll
0x00007ff932ab0000 - 0x00007ff932b1a000 	C:\WINDOWS\system32\mswsock.dll
0x00007ff929f60000 - 0x00007ff929f74000 	C:\Program Files\Android\Android Studio\jre\bin\nio.dll
0x00007ff91e4b0000 - 0x00007ff91e4d7000 	C:\Users\souvik dey\.gradle\native\e1d6ef7f7dcc3fd88c89a11ec53ec762bb8ba0a96d01ffa2cd45eb1d1d8dd5c5\windows-amd64\native-platform.dll
0x00007ff90a700000 - 0x00007ff90a844000 	C:\Users\souvik dey\.gradle\native\5664cfc778a61ccfe75a443a1ab52a65af34e5dc3c78e0209fed803814484fcb\windows-amd64\native-platform-file-events.dll
0x00007ff930710000 - 0x00007ff93071a000 	C:\Program Files\Android\Android Studio\jre\bin\management.dll
0x00007ff92e230000 - 0x00007ff92e23d000 	C:\Program Files\Android\Android Studio\jre\bin\management_ext.dll
0x00007ff932c90000 - 0x00007ff932ca8000 	C:\WINDOWS\SYSTEM32\CRYPTSP.dll
0x00007ff932440000 - 0x00007ff932474000 	C:\WINDOWS\system32\rsaenh.dll
0x00007ff933b00000 - 0x00007ff933b27000 	C:\WINDOWS\System32\bcrypt.dll
0x00007ff933320000 - 0x00007ff93334e000 	C:\WINDOWS\SYSTEM32\USERENV.dll
0x00007ff932cb0000 - 0x00007ff932cbc000 	C:\WINDOWS\SYSTEM32\CRYPTBASE.dll
0x00007ff9327c0000 - 0x00007ff9327fb000 	C:\WINDOWS\SYSTEM32\IPHLPAPI.DLL
0x00007ff935a70000 - 0x00007ff935a78000 	C:\WINDOWS\System32\NSI.dll
0x00007ff92b0f0000 - 0x00007ff92b107000 	C:\WINDOWS\SYSTEM32\dhcpcsvc6.DLL
0x00007ff92bc50000 - 0x00007ff92bc6d000 	C:\WINDOWS\SYSTEM32\dhcpcsvc.DLL
0x00007ff932800000 - 0x00007ff9328cb000 	C:\WINDOWS\SYSTEM32\DNSAPI.dll
0x00007ff90eef0000 - 0x00007ff90ef0e000 	C:\Users\souvik dey\AppData\Local\Temp\native-platform7405229534659436061dir\native-platform.dll
0x00007ff91a8e0000 - 0x00007ff91a8e8000 	C:\Program Files\Android\Android Studio\jre\bin\rmi.dll
0x00007ff91da20000 - 0x00007ff91da37000 	C:\WINDOWS\system32\napinsp.dll
0x00007ff91da00000 - 0x00007ff91da1b000 	C:\WINDOWS\system32\pnrpnsp.dll
0x00007ff92d3a0000 - 0x00007ff92d3bd000 	C:\WINDOWS\system32\NLAapi.dll
0x00007ff90b770000 - 0x00007ff90b785000 	C:\WINDOWS\system32\wshbth.dll
0x00007ff91d9e0000 - 0x00007ff91d9f2000 	C:\WINDOWS\System32\winrnr.dll
0x00007ff91f940000 - 0x00007ff91f94a000 	C:\Windows\System32\rasadhlp.dll
0x00007ff924330000 - 0x00007ff9243af000 	C:\WINDOWS\System32\fwpuclnt.dll

dbghelp: loaded successfully - version: 4.0.5 - missing functions: none
symbol engine: initialized successfully - sym options: 0x614 - pdb path: .;C:\Program Files\Android\Android Studio\jre\bin;C:\WINDOWS\SYSTEM32;C:\WINDOWS\WinSxS\amd64_microsoft.windows.common-controls_6595b64144ccf1df_6.0.19041.1110_none_60b5254171f9507e;C:\Program Files\Android\Android Studio\jre\bin\server;C:\Users\souvik dey\.gradle\native\e1d6ef7f7dcc3fd88c89a11ec53ec762bb8ba0a96d01ffa2cd45eb1d1d8dd5c5\windows-amd64;C:\Users\souvik dey\.gradle\native\5664cfc778a61ccfe75a443a1ab52a65af34e5dc3c78e0209fed803814484fcb\windows-amd64;C:\Users\souvik dey\AppData\Local\Temp\native-platform7405229534659436061dir

VM Arguments:
jvm_args: --add-opens=java.base/java.util=ALL-UNNAMED --add-opens=java.base/java.lang=ALL-UNNAMED --add-opens=java.base/java.lang.invoke=ALL-UNNAMED --add-opens=java.base/java.util=ALL-UNNAMED --add-opens=java.prefs/java.util.prefs=ALL-UNNAMED --add-opens=java.prefs/java.util.prefs=ALL-UNNAMED --add-opens=java.base/java.nio.charset=ALL-UNNAMED --add-opens=java.base/java.net=ALL-UNNAMED --add-opens=java.base/java.util.concurrent.atomic=ALL-UNNAMED -Xmx2048m -Dfile.encoding=UTF-8 -Duser.country=IN -Duser.language=en -Duser.variant 
java_command: org.gradle.launcher.daemon.bootstrap.GradleDaemon 7.2
java_class_path (initial): C:\Users\souvik dey\.gradle\wrapper\dists\gradle-7.2-bin\2dnblmf4td7x66yl1d74lt32g\gradle-7.2\lib\gradle-launcher-7.2.jar
Launcher Type: SUN_STANDARD

[Global flags]
     intx CICompilerCount                          = 4                                         {product} {ergonomic}
     uint ConcGCThreads                            = 2                                         {product} {ergonomic}
     uint G1ConcRefinementThreads                  = 8                                         {product} {ergonomic}
   size_t G1HeapRegionSize                         = 1048576                                   {product} {ergonomic}
    uintx GCDrainStackTargetSize                   = 64                                        {product} {ergonomic}
   size_t InitialHeapSize                          = 100663296                                 {product} {ergonomic}
   size_t MarkStackSize                            = 4194304                                   {product} {ergonomic}
   size_t MaxHeapSize                              = 2147483648                                {product} {command line}
   size_t MaxNewSize                               = 1287651328                                {product} {ergonomic}
   size_t MinHeapDeltaBytes                        = 1048576                                   {product} {ergonomic}
    uintx NonNMethodCodeHeapSize                   = 5836300                                {pd product} {ergonomic}
    uintx NonProfiledCodeHeapSize                  = 122910970                              {pd product} {ergonomic}
    uintx ProfiledCodeHeapSize                     = 122910970                              {pd product} {ergonomic}
    uintx ReservedCodeCacheSize                    = 251658240                              {pd product} {ergonomic}
     bool SegmentedCodeCache                       = true                                      {product} {ergonomic}
     bool UseCompressedClassPointers               = true                                 {lp64_product} {ergonomic}
     bool UseCompressedOops                        = true                                 {lp64_product} {ergonomic}
     bool UseG1GC                                  = true                                      {product} {ergonomic}
     bool UseLargePagesIndividualAllocation        = false                                  {pd product} {ergonomic}

Logging:
Log output configuration:
 #0: stdout all=warning uptime,level,tags
 #1: stderr all=off uptime,level,tags

Environment Variables:
PATH=C:\python 3.9.1\Scripts\;C:\python 3.9.1\;C:\WINDOWS\system32;C:\WINDOWS;C:\WINDOWS\System32\Wbem;C:\WINDOWS\System32\WindowsPowerShell\v1.0\;C:\WINDOWS\System32\OpenSSH\;C:\MinGW\bin;C:\Program Files\Git\cmd;C:\Users\souvik dey\AppData\Local\Microsoft\WindowsApps;C:\Users\souvik dey\AppData\Local\atom\bin
USERNAME=souvik dey
OS=Windows_NT
PROCESSOR_IDENTIFIER=AMD64 Family 23 Model 24 Stepping 1, AuthenticAMD



---------------  S Y S T E M  ---------------

OS: Windows 10 , 64 bit Build 19041 (10.0.19041.1503)
OS uptime: 20 days 20:25 hours
Hyper-V role detected

CPU:total 8 (initial active 8) (8 cores per cpu, 2 threads per core) family 23 model 24 stepping 1 microcode 0x0, cmov, cx8, fxsr, mmx, sse, sse2, sse3, ssse3, sse4.1, sse4.2, popcnt, avx, avx2, aes, clmul, mmxext, 3dnowpref, lzcnt, sse4a, ht, tsc, tscinvbit, tscinv, bmi1, bmi2, adx, s

Memory: 4k page, system-wide physical 6058M (312M free)
TotalPageFile size 24490M (AvailPageFile size 4M)
current process WorkingSet (physical memory assigned to process): 312M, peak: 386M
current process commit charge ("private bytes"): 530M, peak: 535M

vm_info: OpenJDK 64-Bit Server VM (11.0.11+9-b60-7590822) for windows-amd64 JRE (11.0.11+9-b60-7590822), built on Jul 29 2021 21:43:44 by "builder" with MS VC++ 14.0 (VS2015)

END.
